









<!DOCTYPE html>
<html>
<head>
	<meta charset='utf-8' /> 
	<meta name='description' content='' />
	<meta name='robots' content='noodp, noydir' />
	<meta name='viewport' content='width=device-width, initial-scale=1' />
	<meta id="timeStampFormat" name="timeStampFormat" content='MMM d, yyyy hh:mm:ss a'/>
	
        <link href='https://fonts.googleapis.com/css?family=Source+Sans+Pro:400,600' rel='stylesheet' type='text/css' />
        <link href="https://fonts.googleapis.com/icon?family=Material+Icons" rel="stylesheet" />
        <link href='https://cdn.jsdelivr.net/gh/extent-framework/extent-github-cdn@ff53917fbbdb5ef820abbbe4d199a6942dc771ff/v3html/css/extent.css' type='text/css' rel='stylesheet' />
	
	<title>ExtentReports</title>

	<style type='text/css'>
		/* json-tree */
		.jstBracket,.jstComma,.jstValue{white-space:pre-wrap}.jstValue{font-size:10px;font-weight:400;font-family:"Lucida Console",Monaco,monospace}.jstProperty{color:#666;word-wrap:break-word}.jstBool{color:#2525CC}.jstNum{color:#D036D0}.jstNull{color:gray}.jstStr{color:#2DB669}.jstFold:after{content:' -';cursor:pointer}.jstExpand{white-space:normal}.jstExpand:after{content:' +';cursor:pointer}.jstFolded{white-space:normal!important}.jstHiddenBlock{display:none}
	</style>
	
	<script type="text/javascript">
		/*! json-tree - v0.2.2 - 2017-09-25, MIT LICENSE */
		var JSONTree=function(){var n={"&":"&amp;","<":"&lt;",">":"&gt;",'"':"&quot;","'":"&#x27;","/":"&#x2F;"},t=0,r=0;this.create=function(n,t){return r+=1,N(u(n,0,!1),{class:"jstValue"})};var e=function(t){return t.replace(/[&<>'"]/g,function(t){return n[t]})},s=function(){return r+"_"+t++},u=function(n,t,r){if(null===n)return f(r?t:0);switch(typeof n){case"boolean":return l(n,r?t:0);case"number":return i(n,r?t:0);case"string":return o(n,r?t:0);default:return n instanceof Array?a(n,t,r):c(n,t,r)}},c=function(n,t,r){var e=s(),u=Object.keys(n).map(function(r){return j(r,n[r],t+1,!0)}).join(m()),c=[g("{",r?t:0,e),N(u,{id:e}),p("}",t)].join("\n");return N(c,{})},a=function(n,t,r){var e=s(),c=n.map(function(n){return u(n,t+1,!0)}).join(m());return[g("[",r?t:0,e),N(c,{id:e}),p("]",t)].join("\n")},o=function(n,t){var r=e(JSON.stringify(n));return N(v(r,t),{class:"jstStr"})},i=function(n,t){return N(v(n,t),{class:"jstNum"})},l=function(n,t){return N(v(n,t),{class:"jstBool"})},f=function(n){return N(v("null",n),{class:"jstNull"})},j=function(n,t,r){var s=v(e(JSON.stringify(n))+": ",r),c=N(u(t,r,!1),{});return N(s+c,{class:"jstProperty"})},m=function(){return N(",\n",{class:"jstComma"})},N=function(n,t){return d("span",t,n)},d=function(n,t,r){return"<"+n+Object.keys(t).map(function(n){return" "+n+'="'+t[n]+'"'}).join("")+">"+r+"</"+n+">"},g=function(n,t,r){return N(v(n,t),{class:"jstBracket"})+N("",{class:"jstFold",onclick:"JSONTree.toggle('"+r+"')"})};this.toggle=function(n){var t=document.getElementById(n),r=t.parentNode,e=t.previousElementSibling;""===t.className?(t.className="jstHiddenBlock",r.className="jstFolded",e.className="jstExpand"):(t.className="",r.className="",e.className="jstFold")};var p=function(n,t){return N(v(n,t),{})},v=function(n,t){return Array(2*t+1).join(" ")+n};return this}();
	</script>
</head>
	<body class='extent standard default hide-overflow bdd-report'>
		<div id='theme-selector' alt='Click to toggle theme. To enable by default, use theme configuration.' title='Click to toggle theme. To enable by default, use theme configuration.'>
			<span><i class='material-icons'>desktop_windows</i></span>
		</div>
<nav>
	<div class="nav-wrapper">
		<a href="#!" class="brand-logo black"><img src="https://cdn.rawgit.com/extent-framework/extent-github-cdn/d74480e/commons/img/logo.png"></a>
		<!-- slideout menu -->
		<ul id='slide-out' class='side-nav fixed hide-on-med-and-down'>
			<li class='waves-effect active'><a href='#!' view='test-view' onclick="configureView(0);chartsView('test');"><i class='material-icons'>dashboard</i></a></li>
						<li class='waves-effect'><a href='#!' view='category-view' onclick="configureView(1)"><i class='material-icons'>label_outline</i></a></li>
			<li class='waves-effect'><a href='#!' view='exception-view' onclick="configureView(2)"><i class='material-icons'>bug_report</i></a></li>
			<li class='waves-effect'><a href='#!' onclick="configureView(-1);chartsView('dashboard');" view='dashboard-view'><i class='material-icons'>track_changes</i></a></li>
		</ul>
		<!-- report name -->
		<span class='report-name'>ExtentReports</span>
		<!-- report headline -->
		<span class='report-headline'></span>
		<!-- nav-right -->
		<ul id='nav-mobile' class='right hide-on-med-and-down nav-right'>
			<a href='#!'>
			<span class='label blue darken-3 suite-start-time'>Jun 15, 2021 04:09:16 PM</span>
			</a>
		</ul>
	</div>
</nav>		<!-- container -->
		<div class='container'>
<div id='test-view' class='view'>
	<section id='controls'>
		<div class='controls grey lighten-4'>
			<!-- test toggle -->
			<div class='chip transparent'>
				<a class='dropdown-button tests-toggle' data-activates='tests-toggle' data-constrainwidth='true' data-beloworigin='true' data-hover='true' href='#'>
				<i class='material-icons'>warning</i> Status
				</a>
				<ul id='tests-toggle' class='dropdown-content'>
										<li status='pass'><a href='#!'>Pass <i class='material-icons green-text'>check_circle</i></a></li>
					<li status='fail'><a href='#!'>Fail <i class='material-icons red-text'>cancel</i></a></li>
					<li status='skip'><a href='#!'>Skip <i class='material-icons cyan-text'>redo</i></a></li>
					<li class='divider'></li>
					<li status='clear' clear='true'><a href='#!'>Clear Filters <i class='material-icons'>clear</i></a></li>
				</ul>
			</div>
			<!-- test toggle -->
			<!-- category toggle -->
			<div class='chip transparent'>
				<a class='dropdown-button category-toggle' data-activates='category-toggle' data-constrainwidth='false' data-beloworigin='true' data-hover='true' href='#'>
				<i class='material-icons'>local_offer</i> Category
				</a>
				<ul id='category-toggle' class='dropdown-content'>
					<li><a href='#'>@SUC:08-03</a></li>
					<li><a href='#'>@SUC:08-04</a></li>
					<li><a href='#'>@UAT_M8-08-03-01</a></li>
					<li><a href='#'>@UAT_M8-08-03-02</a></li>
					<li><a href='#'>@UAT_M8-08-03-06</a></li>
					<li><a href='#'>@UAT_M8-08-04-01</a></li>
					<li><a href='#'>@UAT_M8-08-04-02</a></li>
					<li><a href='#'>@backoffice</a></li>
					<li><a href='#'>@UAT_M8-08-03-03</a></li>
					<li><a href='#'>@UAT_M8-08-04-03</a></li>
					<li><a href='#'>@UAT_M8-08-03-04</a></li>
					<li><a href='#'>@UAT_M8-08-03-05</a></li>
					<li><a href='#'>@UAT_M8-08-03-07</a></li>
					<li><a href='#'>@SUC:08-07</a></li>
					<li><a href='#'>@UAT_M8-08-07-01</a></li>
					<li><a href='#'>@UAT_M8-08-07-02</a></li>
					<li><a href='#'>@UAT_M8-08-07-03</a></li>
					<li><a href='#'>@UAT_M8-08-07-04</a></li>
					<li><a href='#'>@UAT_M8-08-07-05</a></li>
					<li><a href='#'>@UAT_M8-08-07-06</a></li>
					<li><a href='#'>@UAT_M8-08-07-07</a></li>
					<li><a href='#'>@SUC:08-06</a></li>
					<li><a href='#'>@UAT_M8-08-06-05</a></li>
					<li><a href='#'>@UAT_M8-08-06-06</a></li>
					<li><a href='#'>@UAT_M8-08-06-02</a></li>
					<li><a href='#'>@UAT_M8-08-06-04</a></li>
					<li class='divider'></li>
					<li class='clear'><a href='#!' clear='true'>Clear Filters</a></li>
				</ul>
			</div>
			<!-- category toggle -->
			<!-- clear filters -->
			<div class='chip transparent hide'>
				<a class='' id='clear-filters' alt='Clear Filters' title='Clear Filters'>
				<i class='material-icons'>close</i> Clear
				</a>
			</div>
			<!-- clear filters -->
			<!-- enable dashboard -->
			<div id='toggle-test-view-charts' class='chip transparent'>
				<a class='pink-text' id='enable-dashboard' alt='Enable Dashboard' title='Enable Dashboard'>
				<i class='material-icons'>track_changes</i> Dashboard
				</a>
			</div>
			<!-- enable dashboard -->
			<!-- search -->
			<div class='chip transparent' alt='Search Tests' title='Search Tests'>
				<a href="#" class='search-div'>
				<i class='material-icons'>search</i> Search
				</a>
				<div class='input-field left hide'>
					<input id='search-tests' type='text' class='validate browser-default' placeholder='Search Tests...'>
				</div>
			</div>
			<!-- search -->
		</div>
	</section>
<div id='test-view-charts' class='subview-full'>
    <div id='charts-row' class='row nm-v nm-h'>
        <div class='col s12 m4 l4 np-h'>
            <div class='card-panel nm-v'>
                <div class='left panel-name'>Features</div>
                <div class='chart-box' style="max-height:94px;">
                    <canvas id='parent-analysis' width='90' height='70'></canvas>
                </div>
                <div class='block text-small'>
                    <span class='tooltipped' data-position='top' data-tooltip='66.667%'><span class='strong'>2</span> feature(s) passed</span>
                </div>
                <div class='block text-small'>
                    <span class='strong tooltipped' data-position='top' data-tooltip='33.333%'>1</span> feature(s) failed, <span class='strong tooltipped' data-position='top' data-tooltip='0%'>0</span> skipped
                </div>
            </div>
        </div>
        <div class='col s12 m4 l4 np-h'>
            <div class='card-panel nm-v'>
                <div class='left panel-name'>Scenarios</div>
                <div class='chart-box' style="max-height:94px;">
                    <canvas id='child-analysis' width='90' height='70'></canvas>
                </div>
                <div class='block text-small'>
                    <span class='tooltipped' data-position='top' data-tooltip='88.235%'><span class='strong'>15</span> scenario(s) passed</span>
                </div>
                <div class='block text-small'>
                    <span class='strong tooltipped' data-position='top' data-tooltip='11.765%'>2</span> scenario(s) failed, 
                    <span class='strong tooltipped' data-position='top' data-tooltip='0%'>0</span> skipped, 
                    <span class='strong tooltipped' data-position='top' data-tooltip='0%'>0</span> others
                </div>
            </div>
        </div>
        <div class='col s12 m4 l4 np-h'>
            <div class='card-panel nm-v'>
                <div class='left panel-name'>Steps</div>
                <div class='chart-box' style="max-height:94px;">
                    <canvas id='grandchild-analysis' width='90' height='70'></canvas>
                </div>
                <div class='block text-small'>
                    <span class='tooltipped' data-position='top' data-tooltip='96.479%'><span class='strong'>274</span> step(s) passed</span>
                </div>
                <div class='block text-small'>
                    <span class='strong tooltipped' data-position='top' data-tooltip='0.704%'>2</span> scenario(s) failed, 
                    <span class='strong tooltipped' data-position='top' data-tooltip='2.817%'>8</span> skipped, 
                    <span class='strong tooltipped' data-position='top' data-tooltip='2.817%'>0</span> others
                </div>
            </div>
        </div>
    </div>
    <div id="timeline-chart" class="row nm-v nm-h">
        <div class="col s12 m12 l12 np-h">
            <div class="card-panel">
                <div class='left panel-name'>Timeline (seconds)</div>
                <div class="chart-box" style="width:98%;max-height:145px;">
                    <canvas id="timeline" height="120"></canvas>
                </div>
            </div>
        </div>
    </div>
</div>	<div class='subview-left left'>
		<div class='view-summary'>
			<ul id='test-collection' class='test-collection'>
				<li class='test displayed active has-leaf fail' status='fail' bdd='true' test-id='1'>
					<div class='test-heading'>
						<span class='test-name'>[SUC:08-03]-Create Installment Agreements, [SUC:08-04]-Approve Installment Agreements</span>
						<span class='test-time'>Jun 15, 2021 04:09:18 PM</span>
						<span class='test-status right fail'>fail</span>
					</div>
					<div class='test-content hide'>
<div class="sr-filters bdd-filters">
	<a class="btn-floating waves-effect waves-light pass green" title="pass"><i class='material-icons'>check_circle</i></a>
	<a class="btn-floating waves-effect waves-light fail red" title="fail"><i class='material-icons'>cancel</i></a>
	<a class="btn-floating waves-effect waves-light skip blue" title="skip"><i class='material-icons'>redo</i></a>
	<a class="btn-floating waves-effect waves-light clear grey" title="clear"><i class='material-icons'>clear</i></a>
</div>
<div class='scenario node' test-id='2' status='pass'>
	<div class='category-list'>
		<span class='category label'>@SUC:08-03</span>
		<span class='category label'>@SUC:08-04</span>
		<span class='category label'>@UAT_M8-08-03-01</span>
		<span class='category label'>@UAT_M8-08-03-02</span>
		<span class='category label'>@UAT_M8-08-03-06</span>
		<span class='category label'>@UAT_M8-08-04-01</span>
		<span class='category label'>@UAT_M8-08-04-02</span>
		<span class='category label'>@backoffice</span>
	</div>
	<span class='duration right label'>0h 2m 44s+457ms</span>
	<div class="bdd-test">
		<div class="scenario-name"><span class='status pass' title='pass'><i class='material-icons'>check_circle</i></span> Scenario: UAT_M8-08-03-02-Verify the process of add related documents-Verify the process of installment agreement-Organization</div>
	</div>
	<ul class='steps'>
		<li test-id='5' class='node given pass' status='pass'>
			<div class="step-name" title="StepDefinitions.stepDefinitions.user_navigates_to_the_login_page()"><span class='status pass' title='pass'><i class='material-icons'>check_circle</i></span>Given User navigates to the login page</div>
			<div class="node-step"></div>
		</li>
		<li test-id='6' class='node then pass' status='pass'>
			<div class="step-name" title="StepDefinitions.stepDefinitions.enters_the_username_something_and_password_something_to_login(java.lang.String,java.lang.String)"><span class='status pass' title='pass'><i class='material-icons'>check_circle</i></span>Then Enters the username "tripsuser" and password "Passw0rd" to login</div>
			<div class="node-step"></div>
		</li>
		<li test-id='7' class='node and pass' status='pass'>
			<div class="step-name" title="StepDefinitions.stepDefinitions.clickOnDebtManagementInstallmentAgreementsCreateInstallmentAgreement()"><span class='status pass' title='pass'><i class='material-icons'>check_circle</i></span>And Click on debt management > Installment agreements > Create installment agreement</div>
			<div class="node-step"></div>
		</li>
		<li test-id='8' class='node then pass' status='pass'>
			<div class="step-name" title="StepDefinitions.stepDefinitions.findTaxpayerUsingTin(java.lang.String)"><span class='status pass' title='pass'><i class='material-icons'>check_circle</i></span>Then Find taxpayer using tin "C0022970"</div>
			<div class="node-step"></div>
		</li>
		<li test-id='9' class='node then pass' status='pass'>
			<div class="step-name" title="StepDefinitions.stepDefinitions.switchToDefault()"><span class='status pass' title='pass'><i class='material-icons'>check_circle</i></span>Then Switch to default</div>
			<div class="node-step"></div>
		</li>
		<li test-id='10' class='node then pass' status='pass'>
			<div class="step-name" title="StepDefinitions.stepDefinitions.selectTaxtypeUnderOutstandingDebt(java.lang.String)"><span class='status pass' title='pass'><i class='material-icons'>check_circle</i></span>Then Select taxtype under outstanding debt "PAYE"</div>
			<div class="node-step"></div>
		</li>
		<li test-id='11' class='node then pass' status='pass'>
			<div class="step-name" title="StepDefinitions.stepDefinitions.clickAddUnderOutstandingDebts()"><span class='status pass' title='pass'><i class='material-icons'>check_circle</i></span>Then Click add under outstanding debts</div>
			<div class="node-step"></div>
		</li>
		<li test-id='12' class='node then pass' status='pass'>
			<div class="step-name" title="StepDefinitions.stepDefinitions.switchToBackofficeFrame()"><span class='status pass' title='pass'><i class='material-icons'>check_circle</i></span>Then Switch to backoffice frame</div>
			<div class="node-step"></div>
		</li>
		<li test-id='13' class='node then pass' status='pass'>
			<div class="step-name" title="StepDefinitions.stepDefinitions.selectReturnTypeUnderOutstandingDebts(java.lang.String)"><span class='status pass' title='pass'><i class='material-icons'>check_circle</i></span>Then Select return type under outstanding debts "PAYE Return"</div>
			<div class="node-step"></div>
		</li>
		<li test-id='14' class='node then pass' status='pass'>
			<div class="step-name" title="StepDefinitions.stepDefinitions.selectPeriodAndYearUnderOutstandingDebts(java.lang.String)"><span class='status pass' title='pass'><i class='material-icons'>check_circle</i></span>Then Select period and year under outstanding debts "1/2021"</div>
			<div class="node-step"></div>
		</li>
		<li test-id='15' class='node then pass' status='pass'>
			<div class="step-name" title="StepDefinitions.stepDefinitions.enterValueOfDebtAs(java.lang.String)"><span class='status pass' title='pass'><i class='material-icons'>check_circle</i></span>Then Enter value of debt as "2000"</div>
			<div class="node-step"></div>
		</li>
		<li test-id='16' class='node then pass' status='pass'>
			<div class="step-name" title="StepDefinitions.stepDefinitions.clickOkUnderInstallmentAgreements()"><span class='status pass' title='pass'><i class='material-icons'>check_circle</i></span>Then Click ok under installment agreements</div>
			<div class="node-step"></div>
		</li>
		<li test-id='17' class='node then pass' status='pass'>
			<div class="step-name" title="StepDefinitions.stepDefinitions.switchToDefault()"><span class='status pass' title='pass'><i class='material-icons'>check_circle</i></span>Then Switch to default</div>
			<div class="node-step"></div>
		</li>
		<li test-id='18' class='node then pass' status='pass'>
			<div class="step-name" title="StepDefinitions.stepDefinitions.enterNumberOfInstallmentsAs(java.lang.String)"><span class='status pass' title='pass'><i class='material-icons'>check_circle</i></span>Then Enter number of installments as "1"</div>
			<div class="node-step"></div>
		</li>
		<li test-id='19' class='node then pass' status='pass'>
			<div class="step-name" title="StepDefinitions.stepDefinitions.selectPaymentFrequency(java.lang.String)"><span class='status pass' title='pass'><i class='material-icons'>check_circle</i></span>Then Select payment frequency as "Weekly"</div>
			<div class="node-step"></div>
		</li>
		<li test-id='20' class='node then pass' status='pass'>
			<div class="step-name" title="StepDefinitions.stepDefinitions.selectFirstInstallmentDueDateAsToday()"><span class='status pass' title='pass'><i class='material-icons'>check_circle</i></span>Then Select first installment due date as today</div>
			<div class="node-step"></div>
		</li>
		<li test-id='21' class='node then pass' status='pass'>
			<div class="step-name" title="StepDefinitions.stepDefinitions.selectReasonForInstallment(java.lang.String)"><span class='status pass' title='pass'><i class='material-icons'>check_circle</i></span>Then Select reason for installment "Cash Flow Problem"</div>
			<div class="node-step"></div>
		</li>
		<li test-id='22' class='node then pass' status='pass'>
			<div class="step-name" title="StepDefinitions.stepDefinitions.selectOfficeAs(java.lang.String)"><span class='status pass' title='pass'><i class='material-icons'>check_circle</i></span>Then Select office as "Balaka"</div>
			<div class="node-step"></div>
		</li>
		<li test-id='23' class='node then pass' status='pass'>
			<div class="step-name" title="StepDefinitions.stepDefinitions.enterNotesForAgreement()"><span class='status pass' title='pass'><i class='material-icons'>check_circle</i></span>Then Enter notes for agreement</div>
			<div class="node-step"></div>
		</li>
		<li test-id='24' class='node then pass' status='pass'>
			<div class="step-name" title="StepDefinitions.stepDefinitions.clickAddUnderRelatedDocuments()"><span class='status pass' title='pass'><i class='material-icons'>check_circle</i></span>Then Click add under related documents</div>
			<div class="node-step"></div>
		</li>
		<li test-id='25' class='node then pass' status='pass'>
			<div class="step-name" title="StepDefinitions.stepDefinitions.switchToBackofficeFrame()"><span class='status pass' title='pass'><i class='material-icons'>check_circle</i></span>Then Switch to backoffice frame</div>
			<div class="node-step"></div>
		</li>
		<li test-id='26' class='node then pass' status='pass'>
			<div class="step-name" title="StepDefinitions.stepDefinitions.selectRelatedDocumentTypeAs(java.lang.String)"><span class='status pass' title='pass'><i class='material-icons'>check_circle</i></span>Then Select related document type as "PAYE Tax Return"</div>
			<div class="node-step"></div>
		</li>
		<li test-id='27' class='node then pass' status='pass'>
			<div class="step-name" title="StepDefinitions.stepDefinitions.clickSearchToSearchForDocument()"><span class='status pass' title='pass'><i class='material-icons'>check_circle</i></span>Then Click search to search for document</div>
			<div class="node-step"></div>
		</li>
		<li test-id='28' class='node then pass' status='pass'>
			<div class="step-name" title="StepDefinitions.stepDefinitions.verifyDataForReturnDocumentIsPopulatedInTable(java.lang.String)"><span class='status pass' title='pass'><i class='material-icons'>check_circle</i></span>Then Verify data for return document "PAYE Tax Return" is populated in table</div>
			<div class="node-step"></div>
		</li>
		<li test-id='29' class='node then pass' status='pass'>
			<div class="step-name" title="StepDefinitions.stepDefinitions.clickCalculateToCalculateInstallmentPlan()"><span class='status pass' title='pass'><i class='material-icons'>check_circle</i></span>Then Click calculate to calculate installment plan</div>
			<div class="node-step"></div>
		</li>
		<li test-id='30' class='node then pass' status='pass'>
			<div class="step-name" title="StepDefinitions.stepDefinitions.verifyCalculationDataIsPopulatedInTable()"><span class='status pass' title='pass'><i class='material-icons'>check_circle</i></span>Then Verify calculation data is populated in table</div>
			<div class="node-step"></div>
		</li>
		<li test-id='31' class='node then pass' status='pass'>
			<div class="step-name" title="StepDefinitions.stepDefinitions.clickSaveToSubmitInstallmentAgreement()"><span class='status pass' title='pass'><i class='material-icons'>check_circle</i></span>Then Click save to submit installment agreement</div>
			<div class="node-step"></div>
		</li>
		<li test-id='32' class='node then pass' status='pass'>
			<div class="step-name" title="StepDefinitions.stepDefinitions.verify_success_message(java.lang.String)"><span class='status pass' title='pass'><i class='material-icons'>check_circle</i></span>Then Verify success message "Instalment Agreement with reference no"</div>
			<div class="node-step"></div>
		</li>
		<li test-id='33' class='node then pass' status='pass'>
			<div class="step-name" title="StepDefinitions.stepDefinitions.obtainInstallmentAgreementARN(java.lang.String)"><span class='status pass' title='pass'><i class='material-icons'>check_circle</i></span>Then Obtain installment agreement ARN "Instalment Agreement with reference no"</div>
			<div class="node-step"></div>
		</li>
		<li test-id='34' class='node then pass' status='pass'>
			<div class="step-name" title="StepDefinitions.stepDefinitions.openCRMAndCloseModal()"><span class='status pass' title='pass'><i class='material-icons'>check_circle</i></span>Then Open CRM and close modal</div>
			<div class="node-step"></div>
		</li>
		<li test-id='35' class='node then pass' status='pass'>
			<div class="step-name" title="StepDefinitions.stepDefinitions.clickOnDebtApplicationLink()"><span class='status pass' title='pass'><i class='material-icons'>check_circle</i></span>Then Click on debt application link</div>
			<div class="node-step"></div>
		</li>
		<li test-id='36' class='node then pass' status='pass'>
			<div class="step-name" title="StepDefinitions.stepDefinitions.switch_to_frame0()"><span class='status pass' title='pass'><i class='material-icons'>check_circle</i></span>Then switch to frame0</div>
			<div class="node-step"></div>
		</li>
		<li test-id='37' class='node then pass' status='pass'>
			<div class="step-name" title="StepDefinitions.stepDefinitions.searchForReferenceNumber()"><span class='status pass' title='pass'><i class='material-icons'>check_circle</i></span>Then search for reference number</div>
			<div class="node-step"></div>
		</li>
		<li test-id='38' class='node then pass' status='pass'>
			<div class="step-name" title="StepDefinitions.stepDefinitions.click_on_reference_number()"><span class='status pass' title='pass'><i class='material-icons'>check_circle</i></span>Then Click on reference number</div>
			<div class="node-step"></div>
		</li>
		<li test-id='39' class='node then pass' status='pass'>
			<div class="step-name" title="StepDefinitions.stepDefinitions.switch_to_frame1()"><span class='status pass' title='pass'><i class='material-icons'>check_circle</i></span>Then switch to frame1</div>
			<div class="node-step"></div>
		</li>
		<li test-id='40' class='node then pass' status='pass'>
			<div class="step-name" title="StepDefinitions.stepDefinitions.approve_transaction()"><span class='status pass' title='pass'><i class='material-icons'>check_circle</i></span>Then approve transaction</div>
			<div class="node-step"></div>
		</li>
		<li test-id='41' class='node then pass' status='pass'>
			<div class="step-name" title="StepDefinitions.stepDefinitions.ClickSaveCRM()"><span class='status pass' title='pass'><i class='material-icons'>check_circle</i></span>Then Click save CRM</div>
			<div class="node-step"></div>
		</li>
		<li test-id='42' class='node then pass' status='pass'>
			<div class="step-name" title="StepDefinitions.stepDefinitions.switch_to_frame1()"><span class='status pass' title='pass'><i class='material-icons'>check_circle</i></span>Then switch to frame1</div>
			<div class="node-step"></div>
		</li>
		<li test-id='43' class='node then pass' status='pass'>
			<div class="step-name" title="StepDefinitions.stepDefinitions.Verify_status_from_CRM(java.lang.String)"><span class='status pass' title='pass'><i class='material-icons'>check_circle</i></span>Then Debt installment status should be "Approved"</div>
			<div class="node-step"></div>
		</li>
	</ul>
</div>
<div class='scenario node' test-id='46' status='pass'>
	<div class='category-list'>
		<span class='category label'>@SUC:08-03</span>
		<span class='category label'>@UAT_M8-08-03-03</span>
		<span class='category label'>@backoffice</span>
	</div>
	<span class='duration right label'>0h 3m 5s+352ms</span>
	<div class="bdd-test">
		<div class="scenario-name"><span class='status pass' title='pass'><i class='material-icons'>check_circle</i></span> Scenario: UAT_M8-08-03-03-Verify the process of installment agreement-Individual</div>
	</div>
	<ul class='steps'>
		<li test-id='49' class='node given pass' status='pass'>
			<div class="step-name" title="StepDefinitions.stepDefinitions.user_navigates_to_the_login_page()"><span class='status pass' title='pass'><i class='material-icons'>check_circle</i></span>Given User navigates to the login page</div>
			<div class="node-step"></div>
		</li>
		<li test-id='50' class='node then pass' status='pass'>
			<div class="step-name" title="StepDefinitions.stepDefinitions.enters_the_username_something_and_password_something_to_login(java.lang.String,java.lang.String)"><span class='status pass' title='pass'><i class='material-icons'>check_circle</i></span>Then Enters the username "tripsuser" and password "Passw0rd" to login</div>
			<div class="node-step"></div>
		</li>
		<li test-id='51' class='node and pass' status='pass'>
			<div class="step-name" title="StepDefinitions.stepDefinitions.clickOnDebtManagementInstallmentAgreementsCreateInstallmentAgreement()"><span class='status pass' title='pass'><i class='material-icons'>check_circle</i></span>And Click on debt management > Installment agreements > Create installment agreement</div>
			<div class="node-step"></div>
		</li>
		<li test-id='52' class='node then pass' status='pass'>
			<div class="step-name" title="StepDefinitions.stepDefinitions.findTaxpayerUsingTin(java.lang.String)"><span class='status pass' title='pass'><i class='material-icons'>check_circle</i></span>Then Find taxpayer using tin "C0022970"</div>
			<div class="node-step"></div>
		</li>
		<li test-id='53' class='node then pass' status='pass'>
			<div class="step-name" title="StepDefinitions.stepDefinitions.switchToDefault()"><span class='status pass' title='pass'><i class='material-icons'>check_circle</i></span>Then Switch to default</div>
			<div class="node-step"></div>
		</li>
		<li test-id='54' class='node then pass' status='pass'>
			<div class="step-name" title="StepDefinitions.stepDefinitions.selectTaxtypeUnderOutstandingDebt(java.lang.String)"><span class='status pass' title='pass'><i class='material-icons'>check_circle</i></span>Then Select taxtype under outstanding debt "PAYE"</div>
			<div class="node-step"></div>
		</li>
		<li test-id='55' class='node then pass' status='pass'>
			<div class="step-name" title="StepDefinitions.stepDefinitions.clickAddUnderOutstandingDebts()"><span class='status pass' title='pass'><i class='material-icons'>check_circle</i></span>Then Click add under outstanding debts</div>
			<div class="node-step"></div>
		</li>
		<li test-id='56' class='node then pass' status='pass'>
			<div class="step-name" title="StepDefinitions.stepDefinitions.switchToBackofficeFrame()"><span class='status pass' title='pass'><i class='material-icons'>check_circle</i></span>Then Switch to backoffice frame</div>
			<div class="node-step"></div>
		</li>
		<li test-id='57' class='node then pass' status='pass'>
			<div class="step-name" title="StepDefinitions.stepDefinitions.selectReturnTypeUnderOutstandingDebts(java.lang.String)"><span class='status pass' title='pass'><i class='material-icons'>check_circle</i></span>Then Select return type under outstanding debts "PAYE Return"</div>
			<div class="node-step"></div>
		</li>
		<li test-id='58' class='node then pass' status='pass'>
			<div class="step-name" title="StepDefinitions.stepDefinitions.selectPeriodAndYearUnderOutstandingDebts(java.lang.String)"><span class='status pass' title='pass'><i class='material-icons'>check_circle</i></span>Then Select period and year under outstanding debts "1/2021"</div>
			<div class="node-step"></div>
		</li>
		<li test-id='59' class='node then pass' status='pass'>
			<div class="step-name" title="StepDefinitions.stepDefinitions.enterValueOfDebtAs(java.lang.String)"><span class='status pass' title='pass'><i class='material-icons'>check_circle</i></span>Then Enter value of debt as "2000"</div>
			<div class="node-step"></div>
		</li>
		<li test-id='60' class='node then pass' status='pass'>
			<div class="step-name" title="StepDefinitions.stepDefinitions.clickOkUnderInstallmentAgreements()"><span class='status pass' title='pass'><i class='material-icons'>check_circle</i></span>Then Click ok under installment agreements</div>
			<div class="node-step"></div>
		</li>
		<li test-id='61' class='node then pass' status='pass'>
			<div class="step-name" title="StepDefinitions.stepDefinitions.switchToDefault()"><span class='status pass' title='pass'><i class='material-icons'>check_circle</i></span>Then Switch to default</div>
			<div class="node-step"></div>
		</li>
		<li test-id='62' class='node then pass' status='pass'>
			<div class="step-name" title="StepDefinitions.stepDefinitions.enterNumberOfInstallmentsAs(java.lang.String)"><span class='status pass' title='pass'><i class='material-icons'>check_circle</i></span>Then Enter number of installments as "1"</div>
			<div class="node-step"></div>
		</li>
		<li test-id='63' class='node then pass' status='pass'>
			<div class="step-name" title="StepDefinitions.stepDefinitions.selectPaymentFrequency(java.lang.String)"><span class='status pass' title='pass'><i class='material-icons'>check_circle</i></span>Then Select payment frequency as "Weekly"</div>
			<div class="node-step"></div>
		</li>
		<li test-id='64' class='node then pass' status='pass'>
			<div class="step-name" title="StepDefinitions.stepDefinitions.selectFirstInstallmentDueDateAsToday()"><span class='status pass' title='pass'><i class='material-icons'>check_circle</i></span>Then Select first installment due date as today</div>
			<div class="node-step"></div>
		</li>
		<li test-id='65' class='node then pass' status='pass'>
			<div class="step-name" title="StepDefinitions.stepDefinitions.selectReasonForInstallment(java.lang.String)"><span class='status pass' title='pass'><i class='material-icons'>check_circle</i></span>Then Select reason for installment "Cash Flow Problem"</div>
			<div class="node-step"></div>
		</li>
		<li test-id='66' class='node then pass' status='pass'>
			<div class="step-name" title="StepDefinitions.stepDefinitions.selectOfficeAs(java.lang.String)"><span class='status pass' title='pass'><i class='material-icons'>check_circle</i></span>Then Select office as "Balaka"</div>
			<div class="node-step"></div>
		</li>
		<li test-id='67' class='node then pass' status='pass'>
			<div class="step-name" title="StepDefinitions.stepDefinitions.enterNotesForAgreement()"><span class='status pass' title='pass'><i class='material-icons'>check_circle</i></span>Then Enter notes for agreement</div>
			<div class="node-step"></div>
		</li>
		<li test-id='68' class='node then pass' status='pass'>
			<div class="step-name" title="StepDefinitions.stepDefinitions.clickAddUnderRelatedDocuments()"><span class='status pass' title='pass'><i class='material-icons'>check_circle</i></span>Then Click add under related documents</div>
			<div class="node-step"></div>
		</li>
		<li test-id='69' class='node then pass' status='pass'>
			<div class="step-name" title="StepDefinitions.stepDefinitions.switchToBackofficeFrame()"><span class='status pass' title='pass'><i class='material-icons'>check_circle</i></span>Then Switch to backoffice frame</div>
			<div class="node-step"></div>
		</li>
		<li test-id='70' class='node then pass' status='pass'>
			<div class="step-name" title="StepDefinitions.stepDefinitions.selectRelatedDocumentTypeAs(java.lang.String)"><span class='status pass' title='pass'><i class='material-icons'>check_circle</i></span>Then Select related document type as "PAYE Tax Return"</div>
			<div class="node-step"></div>
		</li>
		<li test-id='71' class='node then pass' status='pass'>
			<div class="step-name" title="StepDefinitions.stepDefinitions.clickSearchToSearchForDocument()"><span class='status pass' title='pass'><i class='material-icons'>check_circle</i></span>Then Click search to search for document</div>
			<div class="node-step"></div>
		</li>
		<li test-id='72' class='node then pass' status='pass'>
			<div class="step-name" title="StepDefinitions.stepDefinitions.verifyDataForReturnDocumentIsPopulatedInTable(java.lang.String)"><span class='status pass' title='pass'><i class='material-icons'>check_circle</i></span>Then Verify data for return document "PAYE Tax Return" is populated in table</div>
			<div class="node-step"></div>
		</li>
		<li test-id='73' class='node then pass' status='pass'>
			<div class="step-name" title="StepDefinitions.stepDefinitions.clickCalculateToCalculateInstallmentPlan()"><span class='status pass' title='pass'><i class='material-icons'>check_circle</i></span>Then Click calculate to calculate installment plan</div>
			<div class="node-step"></div>
		</li>
		<li test-id='74' class='node then pass' status='pass'>
			<div class="step-name" title="StepDefinitions.stepDefinitions.verifyCalculationDataIsPopulatedInTable()"><span class='status pass' title='pass'><i class='material-icons'>check_circle</i></span>Then Verify calculation data is populated in table</div>
			<div class="node-step"></div>
		</li>
		<li test-id='75' class='node then pass' status='pass'>
			<div class="step-name" title="StepDefinitions.stepDefinitions.clickSaveToSubmitInstallmentAgreement()"><span class='status pass' title='pass'><i class='material-icons'>check_circle</i></span>Then Click save to submit installment agreement</div>
			<div class="node-step"></div>
		</li>
		<li test-id='76' class='node then pass' status='pass'>
			<div class="step-name" title="StepDefinitions.stepDefinitions.verify_success_message(java.lang.String)"><span class='status pass' title='pass'><i class='material-icons'>check_circle</i></span>Then Verify success message "Instalment Agreement with reference no"</div>
			<div class="node-step"></div>
		</li>
		<li test-id='77' class='node then pass' status='pass'>
			<div class="step-name" title="StepDefinitions.stepDefinitions.obtainInstallmentAgreementARN(java.lang.String)"><span class='status pass' title='pass'><i class='material-icons'>check_circle</i></span>Then Obtain installment agreement ARN "Instalment Agreement with reference no"</div>
			<div class="node-step"></div>
		</li>
		<li test-id='78' class='node then pass' status='pass'>
			<div class="step-name" title="StepDefinitions.stepDefinitions.openCRMAndCloseModal()"><span class='status pass' title='pass'><i class='material-icons'>check_circle</i></span>Then Open CRM and close modal</div>
			<div class="node-step"></div>
		</li>
		<li test-id='79' class='node then pass' status='pass'>
			<div class="step-name" title="StepDefinitions.stepDefinitions.clickOnDebtApplicationLink()"><span class='status pass' title='pass'><i class='material-icons'>check_circle</i></span>Then Click on debt application link</div>
			<div class="node-step"></div>
		</li>
		<li test-id='80' class='node then pass' status='pass'>
			<div class="step-name" title="StepDefinitions.stepDefinitions.switch_to_frame0()"><span class='status pass' title='pass'><i class='material-icons'>check_circle</i></span>Then switch to frame0</div>
			<div class="node-step"></div>
		</li>
		<li test-id='81' class='node then pass' status='pass'>
			<div class="step-name" title="StepDefinitions.stepDefinitions.searchForReferenceNumber()"><span class='status pass' title='pass'><i class='material-icons'>check_circle</i></span>Then search for reference number</div>
			<div class="node-step"></div>
		</li>
		<li test-id='82' class='node then pass' status='pass'>
			<div class="step-name" title="StepDefinitions.stepDefinitions.click_on_reference_number()"><span class='status pass' title='pass'><i class='material-icons'>check_circle</i></span>Then Click on reference number</div>
			<div class="node-step"></div>
		</li>
		<li test-id='83' class='node then pass' status='pass'>
			<div class="step-name" title="StepDefinitions.stepDefinitions.switch_to_frame1()"><span class='status pass' title='pass'><i class='material-icons'>check_circle</i></span>Then switch to frame1</div>
			<div class="node-step"></div>
		</li>
		<li test-id='84' class='node then pass' status='pass'>
			<div class="step-name" title="StepDefinitions.stepDefinitions.approve_transaction()"><span class='status pass' title='pass'><i class='material-icons'>check_circle</i></span>Then approve transaction</div>
			<div class="node-step"></div>
		</li>
		<li test-id='85' class='node then pass' status='pass'>
			<div class="step-name" title="StepDefinitions.stepDefinitions.ClickSaveCRM()"><span class='status pass' title='pass'><i class='material-icons'>check_circle</i></span>Then Click save CRM</div>
			<div class="node-step"></div>
		</li>
		<li test-id='86' class='node then pass' status='pass'>
			<div class="step-name" title="StepDefinitions.stepDefinitions.switch_to_frame1()"><span class='status pass' title='pass'><i class='material-icons'>check_circle</i></span>Then switch to frame1</div>
			<div class="node-step"></div>
		</li>
		<li test-id='87' class='node then pass' status='pass'>
			<div class="step-name" title="StepDefinitions.stepDefinitions.Verify_status_from_CRM(java.lang.String)"><span class='status pass' title='pass'><i class='material-icons'>check_circle</i></span>Then Debt installment status should be "Approved"</div>
			<div class="node-step"></div>
		</li>
	</ul>
</div>
<div class='scenario node' test-id='90' status='pass'>
	<div class='category-list'>
		<span class='category label'>@SUC:08-04</span>
		<span class='category label'>@UAT_M8-08-04-03</span>
		<span class='category label'>@backoffice</span>
	</div>
	<span class='duration right label'>0h 3m 10s+203ms</span>
	<div class="bdd-test">
		<div class="scenario-name"><span class='status pass' title='pass'><i class='material-icons'>check_circle</i></span> Scenario: UAT_M8-08-03-03-Verify the process of Reject installment agreement</div>
	</div>
	<ul class='steps'>
		<li test-id='93' class='node given pass' status='pass'>
			<div class="step-name" title="StepDefinitions.stepDefinitions.user_navigates_to_the_login_page()"><span class='status pass' title='pass'><i class='material-icons'>check_circle</i></span>Given User navigates to the login page</div>
			<div class="node-step"></div>
		</li>
		<li test-id='94' class='node then pass' status='pass'>
			<div class="step-name" title="StepDefinitions.stepDefinitions.enters_the_username_something_and_password_something_to_login(java.lang.String,java.lang.String)"><span class='status pass' title='pass'><i class='material-icons'>check_circle</i></span>Then Enters the username "tripsuser" and password "Passw0rd" to login</div>
			<div class="node-step"></div>
		</li>
		<li test-id='95' class='node and pass' status='pass'>
			<div class="step-name" title="StepDefinitions.stepDefinitions.clickOnDebtManagementInstallmentAgreementsCreateInstallmentAgreement()"><span class='status pass' title='pass'><i class='material-icons'>check_circle</i></span>And Click on debt management > Installment agreements > Create installment agreement</div>
			<div class="node-step"></div>
		</li>
		<li test-id='96' class='node then pass' status='pass'>
			<div class="step-name" title="StepDefinitions.stepDefinitions.findTaxpayerUsingTin(java.lang.String)"><span class='status pass' title='pass'><i class='material-icons'>check_circle</i></span>Then Find taxpayer using tin "C0022970"</div>
			<div class="node-step"></div>
		</li>
		<li test-id='97' class='node then pass' status='pass'>
			<div class="step-name" title="StepDefinitions.stepDefinitions.switchToDefault()"><span class='status pass' title='pass'><i class='material-icons'>check_circle</i></span>Then Switch to default</div>
			<div class="node-step"></div>
		</li>
		<li test-id='98' class='node then pass' status='pass'>
			<div class="step-name" title="StepDefinitions.stepDefinitions.selectTaxtypeUnderOutstandingDebt(java.lang.String)"><span class='status pass' title='pass'><i class='material-icons'>check_circle</i></span>Then Select taxtype under outstanding debt "PAYE"</div>
			<div class="node-step"></div>
		</li>
		<li test-id='99' class='node then pass' status='pass'>
			<div class="step-name" title="StepDefinitions.stepDefinitions.clickAddUnderOutstandingDebts()"><span class='status pass' title='pass'><i class='material-icons'>check_circle</i></span>Then Click add under outstanding debts</div>
			<div class="node-step"></div>
		</li>
		<li test-id='100' class='node then pass' status='pass'>
			<div class="step-name" title="StepDefinitions.stepDefinitions.switchToBackofficeFrame()"><span class='status pass' title='pass'><i class='material-icons'>check_circle</i></span>Then Switch to backoffice frame</div>
			<div class="node-step"></div>
		</li>
		<li test-id='101' class='node then pass' status='pass'>
			<div class="step-name" title="StepDefinitions.stepDefinitions.selectReturnTypeUnderOutstandingDebts(java.lang.String)"><span class='status pass' title='pass'><i class='material-icons'>check_circle</i></span>Then Select return type under outstanding debts "PAYE Return"</div>
			<div class="node-step"></div>
		</li>
		<li test-id='102' class='node then pass' status='pass'>
			<div class="step-name" title="StepDefinitions.stepDefinitions.selectPeriodAndYearUnderOutstandingDebts(java.lang.String)"><span class='status pass' title='pass'><i class='material-icons'>check_circle</i></span>Then Select period and year under outstanding debts "1/2021"</div>
			<div class="node-step"></div>
		</li>
		<li test-id='103' class='node then pass' status='pass'>
			<div class="step-name" title="StepDefinitions.stepDefinitions.enterValueOfDebtAs(java.lang.String)"><span class='status pass' title='pass'><i class='material-icons'>check_circle</i></span>Then Enter value of debt as "2000"</div>
			<div class="node-step"></div>
		</li>
		<li test-id='104' class='node then pass' status='pass'>
			<div class="step-name" title="StepDefinitions.stepDefinitions.clickOkUnderInstallmentAgreements()"><span class='status pass' title='pass'><i class='material-icons'>check_circle</i></span>Then Click ok under installment agreements</div>
			<div class="node-step"></div>
		</li>
		<li test-id='105' class='node then pass' status='pass'>
			<div class="step-name" title="StepDefinitions.stepDefinitions.switchToDefault()"><span class='status pass' title='pass'><i class='material-icons'>check_circle</i></span>Then Switch to default</div>
			<div class="node-step"></div>
		</li>
		<li test-id='106' class='node then pass' status='pass'>
			<div class="step-name" title="StepDefinitions.stepDefinitions.enterNumberOfInstallmentsAs(java.lang.String)"><span class='status pass' title='pass'><i class='material-icons'>check_circle</i></span>Then Enter number of installments as "1"</div>
			<div class="node-step"></div>
		</li>
		<li test-id='107' class='node then pass' status='pass'>
			<div class="step-name" title="StepDefinitions.stepDefinitions.selectPaymentFrequency(java.lang.String)"><span class='status pass' title='pass'><i class='material-icons'>check_circle</i></span>Then Select payment frequency as "Weekly"</div>
			<div class="node-step"></div>
		</li>
		<li test-id='108' class='node then pass' status='pass'>
			<div class="step-name" title="StepDefinitions.stepDefinitions.selectFirstInstallmentDueDateAsToday()"><span class='status pass' title='pass'><i class='material-icons'>check_circle</i></span>Then Select first installment due date as today</div>
			<div class="node-step"></div>
		</li>
		<li test-id='109' class='node then pass' status='pass'>
			<div class="step-name" title="StepDefinitions.stepDefinitions.selectReasonForInstallment(java.lang.String)"><span class='status pass' title='pass'><i class='material-icons'>check_circle</i></span>Then Select reason for installment "Cash Flow Problem"</div>
			<div class="node-step"></div>
		</li>
		<li test-id='110' class='node then pass' status='pass'>
			<div class="step-name" title="StepDefinitions.stepDefinitions.selectOfficeAs(java.lang.String)"><span class='status pass' title='pass'><i class='material-icons'>check_circle</i></span>Then Select office as "Balaka"</div>
			<div class="node-step"></div>
		</li>
		<li test-id='111' class='node then pass' status='pass'>
			<div class="step-name" title="StepDefinitions.stepDefinitions.enterNotesForAgreement()"><span class='status pass' title='pass'><i class='material-icons'>check_circle</i></span>Then Enter notes for agreement</div>
			<div class="node-step"></div>
		</li>
		<li test-id='112' class='node then pass' status='pass'>
			<div class="step-name" title="StepDefinitions.stepDefinitions.clickAddUnderRelatedDocuments()"><span class='status pass' title='pass'><i class='material-icons'>check_circle</i></span>Then Click add under related documents</div>
			<div class="node-step"></div>
		</li>
		<li test-id='113' class='node then pass' status='pass'>
			<div class="step-name" title="StepDefinitions.stepDefinitions.switchToBackofficeFrame()"><span class='status pass' title='pass'><i class='material-icons'>check_circle</i></span>Then Switch to backoffice frame</div>
			<div class="node-step"></div>
		</li>
		<li test-id='114' class='node then pass' status='pass'>
			<div class="step-name" title="StepDefinitions.stepDefinitions.selectRelatedDocumentTypeAs(java.lang.String)"><span class='status pass' title='pass'><i class='material-icons'>check_circle</i></span>Then Select related document type as "PAYE Tax Return"</div>
			<div class="node-step"></div>
		</li>
		<li test-id='115' class='node then pass' status='pass'>
			<div class="step-name" title="StepDefinitions.stepDefinitions.clickSearchToSearchForDocument()"><span class='status pass' title='pass'><i class='material-icons'>check_circle</i></span>Then Click search to search for document</div>
			<div class="node-step"></div>
		</li>
		<li test-id='116' class='node then pass' status='pass'>
			<div class="step-name" title="StepDefinitions.stepDefinitions.verifyDataForReturnDocumentIsPopulatedInTable(java.lang.String)"><span class='status pass' title='pass'><i class='material-icons'>check_circle</i></span>Then Verify data for return document "PAYE Tax Return" is populated in table</div>
			<div class="node-step"></div>
		</li>
		<li test-id='117' class='node then pass' status='pass'>
			<div class="step-name" title="StepDefinitions.stepDefinitions.clickCalculateToCalculateInstallmentPlan()"><span class='status pass' title='pass'><i class='material-icons'>check_circle</i></span>Then Click calculate to calculate installment plan</div>
			<div class="node-step"></div>
		</li>
		<li test-id='118' class='node then pass' status='pass'>
			<div class="step-name" title="StepDefinitions.stepDefinitions.verifyCalculationDataIsPopulatedInTable()"><span class='status pass' title='pass'><i class='material-icons'>check_circle</i></span>Then Verify calculation data is populated in table</div>
			<div class="node-step"></div>
		</li>
		<li test-id='119' class='node then pass' status='pass'>
			<div class="step-name" title="StepDefinitions.stepDefinitions.clickSaveToSubmitInstallmentAgreement()"><span class='status pass' title='pass'><i class='material-icons'>check_circle</i></span>Then Click save to submit installment agreement</div>
			<div class="node-step"></div>
		</li>
		<li test-id='120' class='node then pass' status='pass'>
			<div class="step-name" title="StepDefinitions.stepDefinitions.verify_success_message(java.lang.String)"><span class='status pass' title='pass'><i class='material-icons'>check_circle</i></span>Then Verify success message "Instalment Agreement with reference no"</div>
			<div class="node-step"></div>
		</li>
		<li test-id='121' class='node then pass' status='pass'>
			<div class="step-name" title="StepDefinitions.stepDefinitions.obtainInstallmentAgreementARN(java.lang.String)"><span class='status pass' title='pass'><i class='material-icons'>check_circle</i></span>Then Obtain installment agreement ARN "Instalment Agreement with reference no"</div>
			<div class="node-step"></div>
		</li>
		<li test-id='122' class='node then pass' status='pass'>
			<div class="step-name" title="StepDefinitions.stepDefinitions.openCRMAndCloseModal()"><span class='status pass' title='pass'><i class='material-icons'>check_circle</i></span>Then Open CRM and close modal</div>
			<div class="node-step"></div>
		</li>
		<li test-id='123' class='node then pass' status='pass'>
			<div class="step-name" title="StepDefinitions.stepDefinitions.clickOnDebtApplicationLink()"><span class='status pass' title='pass'><i class='material-icons'>check_circle</i></span>Then Click on debt application link</div>
			<div class="node-step"></div>
		</li>
		<li test-id='124' class='node then pass' status='pass'>
			<div class="step-name" title="StepDefinitions.stepDefinitions.switch_to_frame0()"><span class='status pass' title='pass'><i class='material-icons'>check_circle</i></span>Then switch to frame0</div>
			<div class="node-step"></div>
		</li>
		<li test-id='125' class='node then pass' status='pass'>
			<div class="step-name" title="StepDefinitions.stepDefinitions.searchForReferenceNumber()"><span class='status pass' title='pass'><i class='material-icons'>check_circle</i></span>Then search for reference number</div>
			<div class="node-step"></div>
		</li>
		<li test-id='126' class='node then pass' status='pass'>
			<div class="step-name" title="StepDefinitions.stepDefinitions.click_on_reference_number()"><span class='status pass' title='pass'><i class='material-icons'>check_circle</i></span>Then Click on reference number</div>
			<div class="node-step"></div>
		</li>
		<li test-id='127' class='node then pass' status='pass'>
			<div class="step-name" title="StepDefinitions.stepDefinitions.switch_to_frame1()"><span class='status pass' title='pass'><i class='material-icons'>check_circle</i></span>Then switch to frame1</div>
			<div class="node-step"></div>
		</li>
		<li test-id='128' class='node then pass' status='pass'>
			<div class="step-name" title="StepDefinitions.stepDefinitions.rejectTransactionAfterTextLoads(java.lang.String)"><span class='status pass' title='pass'><i class='material-icons'>check_circle</i></span>Then reject transaction after text "Instalment Agreement Number:" loads</div>
			<div class="node-step"></div>
		</li>
		<li test-id='129' class='node then pass' status='pass'>
			<div class="step-name" title="StepDefinitions.stepDefinitions.switch_to_frame1()"><span class='status pass' title='pass'><i class='material-icons'>check_circle</i></span>Then switch to frame1</div>
			<div class="node-step"></div>
		</li>
		<li test-id='130' class='node then pass' status='pass'>
			<div class="step-name" title="StepDefinitions.stepDefinitions.enter_outcome_notes(java.lang.String)"><span class='status pass' title='pass'><i class='material-icons'>check_circle</i></span>Then Enter Outcome Notes "Invalid"</div>
			<div class="node-step"></div>
		</li>
		<li test-id='131' class='node then pass' status='pass'>
			<div class="step-name" title="StepDefinitions.stepDefinitions.enter_Outcome_Reason()"><span class='status pass' title='pass'><i class='material-icons'>check_circle</i></span>Then Enter Outcome Reason</div>
			<div class="node-step"></div>
		</li>
		<li test-id='132' class='node then pass' status='pass'>
			<div class="step-name" title="StepDefinitions.stepDefinitions.ClickSaveCRM()"><span class='status pass' title='pass'><i class='material-icons'>check_circle</i></span>Then Click save CRM</div>
			<div class="node-step"></div>
		</li>
		<li test-id='133' class='node then pass' status='pass'>
			<div class="step-name" title="StepDefinitions.stepDefinitions.switch_to_frame1()"><span class='status pass' title='pass'><i class='material-icons'>check_circle</i></span>Then switch to frame1</div>
			<div class="node-step"></div>
		</li>
		<li test-id='134' class='node then pass' status='pass'>
			<div class="step-name" title="StepDefinitions.stepDefinitions.Verify_status_from_CRM(java.lang.String)"><span class='status pass' title='pass'><i class='material-icons'>check_circle</i></span>Then Debt installment status should be "Rejected"</div>
			<div class="node-step"></div>
		</li>
	</ul>
</div>
<div class='scenario node' test-id='137' status='fail'>
	<div class='category-list'>
		<span class='category label'>@SUC:08-03</span>
		<span class='category label'>@UAT_M8-08-03-04</span>
		<span class='category label'>@backoffice</span>
	</div>
	<span class='duration right label'>0h 0m 53s+284ms</span>
	<div class="bdd-test">
		<div class="scenario-name"><span class='status fail' title='fail'><i class='material-icons'>cancel</i></span> Scenario: UAT_M8-08-03-04-Verify the process of validation errors</div>
	</div>
	<ul class='steps'>
		<li test-id='140' class='node given pass' status='pass'>
			<div class="step-name" title="StepDefinitions.stepDefinitions.user_navigates_to_the_login_page()"><span class='status pass' title='pass'><i class='material-icons'>check_circle</i></span>Given User navigates to the login page</div>
			<div class="node-step"></div>
		</li>
		<li test-id='141' class='node then pass' status='pass'>
			<div class="step-name" title="StepDefinitions.stepDefinitions.enters_the_username_something_and_password_something_to_login(java.lang.String,java.lang.String)"><span class='status pass' title='pass'><i class='material-icons'>check_circle</i></span>Then Enters the username "tripsuser" and password "Passw0rd" to login</div>
			<div class="node-step"></div>
		</li>
		<li test-id='142' class='node and pass' status='pass'>
			<div class="step-name" title="StepDefinitions.stepDefinitions.clickOnDebtManagementInstallmentAgreementsCreateInstallmentAgreement()"><span class='status pass' title='pass'><i class='material-icons'>check_circle</i></span>And Click on debt management > Installment agreements > Create installment agreement</div>
			<div class="node-step"></div>
		</li>
		<li test-id='143' class='node then pass' status='pass'>
			<div class="step-name" title="StepDefinitions.stepDefinitions.findTaxpayerUsingTin(java.lang.String)"><span class='status pass' title='pass'><i class='material-icons'>check_circle</i></span>Then Find taxpayer using tin "C0022970"</div>
			<div class="node-step"></div>
		</li>
		<li test-id='144' class='node then pass' status='pass'>
			<div class="step-name" title="StepDefinitions.stepDefinitions.switchToDefault()"><span class='status pass' title='pass'><i class='material-icons'>check_circle</i></span>Then Switch to default</div>
			<div class="node-step"></div>
		</li>
		<li test-id='145' class='node then pass' status='pass'>
			<div class="step-name" title="StepDefinitions.stepDefinitions.selectTaxtypeUnderOutstandingDebt(java.lang.String)"><span class='status pass' title='pass'><i class='material-icons'>check_circle</i></span>Then Select taxtype under outstanding debt "PAYE"</div>
			<div class="node-step"></div>
		</li>
		<li test-id='146' class='node then pass' status='pass'>
			<div class="step-name" title="StepDefinitions.stepDefinitions.clickAddUnderOutstandingDebts()"><span class='status pass' title='pass'><i class='material-icons'>check_circle</i></span>Then Click add under outstanding debts</div>
			<div class="node-step"></div>
		</li>
		<li test-id='147' class='node then pass' status='pass'>
			<div class="step-name" title="StepDefinitions.stepDefinitions.switchToBackofficeFrame()"><span class='status pass' title='pass'><i class='material-icons'>check_circle</i></span>Then Switch to backoffice frame</div>
			<div class="node-step"></div>
		</li>
		<li test-id='148' class='node then pass' status='pass'>
			<div class="step-name" title="StepDefinitions.stepDefinitions.selectReturnTypeUnderOutstandingDebts(java.lang.String)"><span class='status pass' title='pass'><i class='material-icons'>check_circle</i></span>Then Select return type under outstanding debts "PAYE Return"</div>
			<div class="node-step"></div>
		</li>
		<li test-id='149' class='node then pass' status='pass'>
			<div class="step-name" title="StepDefinitions.stepDefinitions.selectPeriodAndYearUnderOutstandingDebts(java.lang.String)"><span class='status pass' title='pass'><i class='material-icons'>check_circle</i></span>Then Select period and year under outstanding debts "1/2021"</div>
			<div class="node-step"></div>
		</li>
		<li test-id='150' class='node then pass' status='pass'>
			<div class="step-name" title="StepDefinitions.stepDefinitions.enterValueOfDebtAs(java.lang.String)"><span class='status pass' title='pass'><i class='material-icons'>check_circle</i></span>Then Enter value of debt as "2000"</div>
			<div class="node-step"></div>
		</li>
		<li test-id='151' class='node then pass' status='pass'>
			<div class="step-name" title="StepDefinitions.stepDefinitions.clickOkUnderInstallmentAgreements()"><span class='status pass' title='pass'><i class='material-icons'>check_circle</i></span>Then Click ok under installment agreements</div>
			<div class="node-step"></div>
		</li>
		<li test-id='152' class='node then pass' status='pass'>
			<div class="step-name" title="StepDefinitions.stepDefinitions.switchToDefault()"><span class='status pass' title='pass'><i class='material-icons'>check_circle</i></span>Then Switch to default</div>
			<div class="node-step"></div>
		</li>
		<li test-id='153' class='node then fail' status='fail'>
			<div class="step-name" title="StepDefinitions.stepDefinitions.clickSaveToSubmitInstallmentAgreement()"><span class='status fail' title='fail'><i class='material-icons'>cancel</i></span>Then Click save to submit installment agreement</div>
			<textarea disabled class="code-block">org.openqa.selenium.ElementClickInterceptedException: element click intercepted: Element <button id="InstalmentAgreement:Save" name="InstalmentAgreement:Save" class="ui-button ui-widget ui-state-default ui-corner-all ui-button-text-only btn-orange" onclick="PrimeFaces.ab({s:&quot;InstalmentAgreement:Save&quot;,u:&quot;InstalmentAgreement:growl&quot;});return false;" type="submit" role="button" aria-disabled="false">...</button> is not clickable at point (1629, 909). Other element would receive the click: <div id="InstalmentAgreement:outstandingDebtsTable:AddOutstandingDebt_dlg_modal" class="ui-widget-overlay ui-dialog-mask" style="z-index: 1002;"></div>
  (Session info: chrome=91.0.4472.101)
Build info: version: '3.141.59', revision: 'e82be7d358', time: '2018-11-14T08:17:03'
System info: host: 'DESKTOP-1PQR32V', ip: '172.16.16.21', os.name: 'Windows 10', os.arch: 'amd64', os.version: '10.0', java.version: '16.0.1'
Driver info: org.openqa.selenium.chrome.ChromeDriver
Capabilities {acceptInsecureCerts: false, browserName: chrome, browserVersion: 91.0.4472.101, chrome: {chromedriverVersion: 91.0.4472.19 (1bf021f248676..., userDataDir: C:\Users\maxma\AppData\Loca...}, goog:chromeOptions: {debuggerAddress: localhost:52806}, javascriptEnabled: true, networkConnectionEnabled: false, pageLoadStrategy: normal, platform: WINDOWS, platformName: WINDOWS, proxy: Proxy(), setWindowRect: true, strictFileInteractability: false, timeouts: {implicit: 0, pageLoad: 300000, script: 30000}, unhandledPromptBehavior: dismiss and notify, webauthn:extension:largeBlob: true, webauthn:virtualAuthenticators: true}
Session ID: 388daed2fda904ad49d16dfdb69edc70
	at java.base/jdk.internal.reflect.NativeConstructorAccessorImpl.newInstance0(Native Method)
	at java.base/jdk.internal.reflect.NativeConstructorAccessorImpl.newInstance(NativeConstructorAccessorImpl.java:78)
	at java.base/jdk.internal.reflect.DelegatingConstructorAccessorImpl.newInstance(DelegatingConstructorAccessorImpl.java:45)
	at java.base/java.lang.reflect.Constructor.newInstanceWithCaller(Constructor.java:499)
	at java.base/java.lang.reflect.Constructor.newInstance(Constructor.java:480)
	at org.openqa.selenium.remote.http.W3CHttpResponseCodec.createException(W3CHttpResponseCodec.java:187)
	at org.openqa.selenium.remote.http.W3CHttpResponseCodec.decode(W3CHttpResponseCodec.java:122)
	at org.openqa.selenium.remote.http.W3CHttpResponseCodec.decode(W3CHttpResponseCodec.java:49)
	at org.openqa.selenium.remote.HttpCommandExecutor.execute(HttpCommandExecutor.java:158)
	at org.openqa.selenium.remote.service.DriverCommandExecutor.execute(DriverCommandExecutor.java:83)
	at org.openqa.selenium.remote.RemoteWebDriver.execute(RemoteWebDriver.java:552)
	at org.openqa.selenium.remote.RemoteWebElement.execute(RemoteWebElement.java:285)
	at org.openqa.selenium.remote.RemoteWebElement.click(RemoteWebElement.java:84)
	at StepDefinitions.stepDefinitions.clickSaveToSubmitInstallmentAgreement(stepDefinitions.java:899)
	at .Click save to submit installment agreement(file:///I:/work/TBL-MRA-DEBT/src/test/resources/FeatureFiles/CreateInstallmentAgreements.feature:145)
</textarea>
		</li>
		<li test-id='154' class='node then skip' status='skip'>
			<div class="step-name" title="StepDefinitions.stepDefinitions.verify_error_message(java.lang.String)"><span class='status skip' title='skip'><i class='material-icons'>redo</i></span>Then Verify error message "Number of Instalments: Validation Error: Value is required."</div>
			<div class="node-step">Step skipped</div>
		</li>
		<li test-id='155' class='node then skip' status='skip'>
			<div class="step-name" title="StepDefinitions.stepDefinitions.verify_error_message(java.lang.String)"><span class='status skip' title='skip'><i class='material-icons'>redo</i></span>Then Verify error message "Payment Frequency: Validation Error: Value is required."</div>
			<div class="node-step">Step skipped</div>
		</li>
		<li test-id='156' class='node then skip' status='skip'>
			<div class="step-name" title="StepDefinitions.stepDefinitions.verify_error_message(java.lang.String)"><span class='status skip' title='skip'><i class='material-icons'>redo</i></span>Then Verify error message "First Instalment Due Date: Validation Error: Value is required."</div>
			<div class="node-step">Step skipped</div>
		</li>
		<li test-id='157' class='node then skip' status='skip'>
			<div class="step-name" title="StepDefinitions.stepDefinitions.verify_error_message(java.lang.String)"><span class='status skip' title='skip'><i class='material-icons'>redo</i></span>Then Verify error message "Reason: Validation Error: Value is required."</div>
			<div class="node-step">Step skipped</div>
		</li>
		<li test-id='158' class='node then skip' status='skip'>
			<div class="step-name" title="StepDefinitions.stepDefinitions.verify_error_message(java.lang.String)"><span class='status skip' title='skip'><i class='material-icons'>redo</i></span>Then Verify error message "Office: Validation Error: Value is required."</div>
			<div class="node-step">Step skipped</div>
		</li>
		<li test-id='159' class='node then skip' status='skip'>
			<div class="step-name" title="StepDefinitions.stepDefinitions.verify_error_message(java.lang.String)"><span class='status skip' title='skip'><i class='material-icons'>redo</i></span>Then Verify error message "Notes: Validation Error: Value is required."</div>
			<div class="node-step">Step skipped</div>
		</li>
	</ul>
</div>
<div class='scenario node' test-id='162' status='pass'>
	<div class='category-list'>
		<span class='category label'>@SUC:08-03</span>
		<span class='category label'>@UAT_M8-08-03-05</span>
		<span class='category label'>@backoffice</span>
	</div>
	<span class='duration right label'>0h 0m 23s+177ms</span>
	<div class="bdd-test">
		<div class="scenario-name"><span class='status pass' title='pass'><i class='material-icons'>check_circle</i></span> Scenario: UAT_M8-08-03-05-Verify the process taxpayer not found</div>
	</div>
	<ul class='steps'>
		<li test-id='165' class='node given pass' status='pass'>
			<div class="step-name" title="StepDefinitions.stepDefinitions.user_navigates_to_the_login_page()"><span class='status pass' title='pass'><i class='material-icons'>check_circle</i></span>Given User navigates to the login page</div>
			<div class="node-step"></div>
		</li>
		<li test-id='166' class='node then pass' status='pass'>
			<div class="step-name" title="StepDefinitions.stepDefinitions.enters_the_username_something_and_password_something_to_login(java.lang.String,java.lang.String)"><span class='status pass' title='pass'><i class='material-icons'>check_circle</i></span>Then Enters the username "tripsuser" and password "Passw0rd" to login</div>
			<div class="node-step"></div>
		</li>
		<li test-id='167' class='node and pass' status='pass'>
			<div class="step-name" title="StepDefinitions.stepDefinitions.clickOnDebtManagementInstallmentAgreementsCreateInstallmentAgreement()"><span class='status pass' title='pass'><i class='material-icons'>check_circle</i></span>And Click on debt management > Installment agreements > Create installment agreement</div>
			<div class="node-step"></div>
		</li>
		<li test-id='168' class='node then pass' status='pass'>
			<div class="step-name" title="StepDefinitions.stepDefinitions.findTaxpayerUsingTin(java.lang.String)"><span class='status pass' title='pass'><i class='material-icons'>check_circle</i></span>Then Find taxpayer using tin "P0020677797"</div>
			<div class="node-step"></div>
		</li>
		<li test-id='169' class='node then pass' status='pass'>
			<div class="step-name" title="StepDefinitions.stepDefinitions.verify_no_data_is_found_in_table()"><span class='status pass' title='pass'><i class='material-icons'>check_circle</i></span>Then Verify no data is found in table</div>
			<div class="node-step"></div>
		</li>
	</ul>
</div>
<div class='scenario node' test-id='172' status='fail'>
	<div class='category-list'>
		<span class='category label'>@SUC:08-03</span>
		<span class='category label'>@UAT_M8-08-03-07</span>
		<span class='category label'>@backoffice</span>
	</div>
	<span class='duration right label'>0h 1m 22s+35ms</span>
	<div class="bdd-test">
		<div class="scenario-name"><span class='status fail' title='fail'><i class='material-icons'>cancel</i></span> Scenario: UAT_M8-08-03-07-Verify the process of view related documents</div>
	</div>
	<ul class='steps'>
		<li test-id='175' class='node given pass' status='pass'>
			<div class="step-name" title="StepDefinitions.stepDefinitions.user_navigates_to_the_login_page()"><span class='status pass' title='pass'><i class='material-icons'>check_circle</i></span>Given User navigates to the login page</div>
			<div class="node-step"></div>
		</li>
		<li test-id='176' class='node then pass' status='pass'>
			<div class="step-name" title="StepDefinitions.stepDefinitions.enters_the_username_something_and_password_something_to_login(java.lang.String,java.lang.String)"><span class='status pass' title='pass'><i class='material-icons'>check_circle</i></span>Then Enters the username "tripsuser" and password "Passw0rd" to login</div>
			<div class="node-step"></div>
		</li>
		<li test-id='177' class='node and pass' status='pass'>
			<div class="step-name" title="StepDefinitions.stepDefinitions.clickOnDebtManagementInstallmentAgreementsCreateInstallmentAgreement()"><span class='status pass' title='pass'><i class='material-icons'>check_circle</i></span>And Click on debt management > Installment agreements > Create installment agreement</div>
			<div class="node-step"></div>
		</li>
		<li test-id='178' class='node then pass' status='pass'>
			<div class="step-name" title="StepDefinitions.stepDefinitions.findTaxpayerUsingTin(java.lang.String)"><span class='status pass' title='pass'><i class='material-icons'>check_circle</i></span>Then Find taxpayer using tin "C0022970"</div>
			<div class="node-step"></div>
		</li>
		<li test-id='179' class='node then pass' status='pass'>
			<div class="step-name" title="StepDefinitions.stepDefinitions.switchToDefault()"><span class='status pass' title='pass'><i class='material-icons'>check_circle</i></span>Then Switch to default</div>
			<div class="node-step"></div>
		</li>
		<li test-id='180' class='node then pass' status='pass'>
			<div class="step-name" title="StepDefinitions.stepDefinitions.selectTaxtypeUnderOutstandingDebt(java.lang.String)"><span class='status pass' title='pass'><i class='material-icons'>check_circle</i></span>Then Select taxtype under outstanding debt "PAYE"</div>
			<div class="node-step"></div>
		</li>
		<li test-id='181' class='node then pass' status='pass'>
			<div class="step-name" title="StepDefinitions.stepDefinitions.clickAddUnderOutstandingDebts()"><span class='status pass' title='pass'><i class='material-icons'>check_circle</i></span>Then Click add under outstanding debts</div>
			<div class="node-step"></div>
		</li>
		<li test-id='182' class='node then pass' status='pass'>
			<div class="step-name" title="StepDefinitions.stepDefinitions.switchToBackofficeFrame()"><span class='status pass' title='pass'><i class='material-icons'>check_circle</i></span>Then Switch to backoffice frame</div>
			<div class="node-step"></div>
		</li>
		<li test-id='183' class='node then pass' status='pass'>
			<div class="step-name" title="StepDefinitions.stepDefinitions.selectReturnTypeUnderOutstandingDebts(java.lang.String)"><span class='status pass' title='pass'><i class='material-icons'>check_circle</i></span>Then Select return type under outstanding debts "PAYE Return"</div>
			<div class="node-step"></div>
		</li>
		<li test-id='184' class='node then pass' status='pass'>
			<div class="step-name" title="StepDefinitions.stepDefinitions.selectPeriodAndYearUnderOutstandingDebts(java.lang.String)"><span class='status pass' title='pass'><i class='material-icons'>check_circle</i></span>Then Select period and year under outstanding debts "1/2021"</div>
			<div class="node-step"></div>
		</li>
		<li test-id='185' class='node then pass' status='pass'>
			<div class="step-name" title="StepDefinitions.stepDefinitions.enterValueOfDebtAs(java.lang.String)"><span class='status pass' title='pass'><i class='material-icons'>check_circle</i></span>Then Enter value of debt as "2000"</div>
			<div class="node-step"></div>
		</li>
		<li test-id='186' class='node then pass' status='pass'>
			<div class="step-name" title="StepDefinitions.stepDefinitions.clickOkUnderInstallmentAgreements()"><span class='status pass' title='pass'><i class='material-icons'>check_circle</i></span>Then Click ok under installment agreements</div>
			<div class="node-step"></div>
		</li>
		<li test-id='187' class='node then pass' status='pass'>
			<div class="step-name" title="StepDefinitions.stepDefinitions.switchToDefault()"><span class='status pass' title='pass'><i class='material-icons'>check_circle</i></span>Then Switch to default</div>
			<div class="node-step"></div>
		</li>
		<li test-id='188' class='node then pass' status='pass'>
			<div class="step-name" title="StepDefinitions.stepDefinitions.enterNumberOfInstallmentsAs(java.lang.String)"><span class='status pass' title='pass'><i class='material-icons'>check_circle</i></span>Then Enter number of installments as "1"</div>
			<div class="node-step"></div>
		</li>
		<li test-id='189' class='node then pass' status='pass'>
			<div class="step-name" title="StepDefinitions.stepDefinitions.selectPaymentFrequency(java.lang.String)"><span class='status pass' title='pass'><i class='material-icons'>check_circle</i></span>Then Select payment frequency as "Weekly"</div>
			<div class="node-step"></div>
		</li>
		<li test-id='190' class='node then pass' status='pass'>
			<div class="step-name" title="StepDefinitions.stepDefinitions.selectFirstInstallmentDueDateAsToday()"><span class='status pass' title='pass'><i class='material-icons'>check_circle</i></span>Then Select first installment due date as today</div>
			<div class="node-step"></div>
		</li>
		<li test-id='191' class='node then pass' status='pass'>
			<div class="step-name" title="StepDefinitions.stepDefinitions.selectReasonForInstallment(java.lang.String)"><span class='status pass' title='pass'><i class='material-icons'>check_circle</i></span>Then Select reason for installment "Cash Flow Problem"</div>
			<div class="node-step"></div>
		</li>
		<li test-id='192' class='node then pass' status='pass'>
			<div class="step-name" title="StepDefinitions.stepDefinitions.selectOfficeAs(java.lang.String)"><span class='status pass' title='pass'><i class='material-icons'>check_circle</i></span>Then Select office as "Balaka"</div>
			<div class="node-step"></div>
		</li>
		<li test-id='193' class='node then pass' status='pass'>
			<div class="step-name" title="StepDefinitions.stepDefinitions.enterNotesForAgreement()"><span class='status pass' title='pass'><i class='material-icons'>check_circle</i></span>Then Enter notes for agreement</div>
			<div class="node-step"></div>
		</li>
		<li test-id='194' class='node then pass' status='pass'>
			<div class="step-name" title="StepDefinitions.stepDefinitions.clickAddUnderRelatedDocuments()"><span class='status pass' title='pass'><i class='material-icons'>check_circle</i></span>Then Click add under related documents</div>
			<div class="node-step"></div>
		</li>
		<li test-id='195' class='node then pass' status='pass'>
			<div class="step-name" title="StepDefinitions.stepDefinitions.switchToBackofficeFrame()"><span class='status pass' title='pass'><i class='material-icons'>check_circle</i></span>Then Switch to backoffice frame</div>
			<div class="node-step"></div>
		</li>
		<li test-id='196' class='node then pass' status='pass'>
			<div class="step-name" title="StepDefinitions.stepDefinitions.selectRelatedDocumentTypeAs(java.lang.String)"><span class='status pass' title='pass'><i class='material-icons'>check_circle</i></span>Then Select related document type as "PAYE Tax Return"</div>
			<div class="node-step"></div>
		</li>
		<li test-id='197' class='node then pass' status='pass'>
			<div class="step-name" title="StepDefinitions.stepDefinitions.clickSearchToSearchForDocument()"><span class='status pass' title='pass'><i class='material-icons'>check_circle</i></span>Then Click search to search for document</div>
			<div class="node-step"></div>
		</li>
		<li test-id='198' class='node then pass' status='pass'>
			<div class="step-name" title="StepDefinitions.stepDefinitions.verifyDataForReturnDocumentIsPopulatedInTable(java.lang.String)"><span class='status pass' title='pass'><i class='material-icons'>check_circle</i></span>Then Verify data for return document "PAYE Tax Return" is populated in table</div>
			<div class="node-step"></div>
		</li>
		<li test-id='199' class='node then pass' status='pass'>
			<div class="step-name" title="StepDefinitions.stepDefinitions.clickReturnDocumentTableRow()"><span class='status pass' title='pass'><i class='material-icons'>check_circle</i></span>Then Click return document table row</div>
			<div class="node-step"></div>
		</li>
		<li test-id='200' class='node then pass' status='pass'>
			<div class="step-name" title="StepDefinitions.stepDefinitions.clickViewToViewReturnDocument()"><span class='status pass' title='pass'><i class='material-icons'>check_circle</i></span>Then Click view to view return document</div>
			<div class="node-step"></div>
		</li>
		<li test-id='201' class='node then pass' status='pass'>
			<div class="step-name" title="StepDefinitions.stepDefinitions.verifyReturnDocumentScreenIsDisplayedWithReadonlyFields()"><span class='status pass' title='pass'><i class='material-icons'>check_circle</i></span>Then Verify return document screen is displayed with readonly fields</div>
			<div class="node-step"></div>
		</li>
		<li test-id='202' class='node then fail' status='fail'>
			<div class="step-name" title="StepDefinitions.stepDefinitions.clickCancelToReturnToCreateInstallmentScreen()"><span class='status fail' title='fail'><i class='material-icons'>cancel</i></span>Then Click cancel to return to create installment screen</div>
			<textarea disabled class="code-block">org.openqa.selenium.TimeoutException: Expected condition failed: waiting for visibility of element located by By.id: ReturnsLodgement:Cancel (tried for 5 second(s) with 500 milliseconds interval)
	at org.openqa.selenium.support.ui.WebDriverWait.timeoutException(WebDriverWait.java:95)
	at org.openqa.selenium.support.ui.FluentWait.until(FluentWait.java:272)
	at StepDefinitions.stepDefinitions.clickCancelToReturnToCreateInstallmentScreen(stepDefinitions.java:986)
	at .Click cancel to return to create installment screen(file:///I:/work/TBL-MRA-DEBT/src/test/resources/FeatureFiles/CreateInstallmentAgreements.feature:188)
Caused by: org.openqa.selenium.NoSuchElementException: no such element: Unable to locate element: {"method":"css selector","selector":"#ReturnsLodgement\:Cancel"}
  (Session info: chrome=91.0.4472.101)
For documentation on this error, please visit: https://www.seleniumhq.org/exceptions/no_such_element.html
Build info: version: '3.141.59', revision: 'e82be7d358', time: '2018-11-14T08:17:03'
System info: host: 'DESKTOP-1PQR32V', ip: '172.16.16.21', os.name: 'Windows 10', os.arch: 'amd64', os.version: '10.0', java.version: '16.0.1'
Driver info: org.openqa.selenium.chrome.ChromeDriver
Capabilities {acceptInsecureCerts: false, browserName: chrome, browserVersion: 91.0.4472.101, chrome: {chromedriverVersion: 91.0.4472.19 (1bf021f248676..., userDataDir: C:\Users\maxma\AppData\Loca...}, goog:chromeOptions: {debuggerAddress: localhost:61428}, javascriptEnabled: true, networkConnectionEnabled: false, pageLoadStrategy: normal, platform: WINDOWS, platformName: WINDOWS, proxy: Proxy(), setWindowRect: true, strictFileInteractability: false, timeouts: {implicit: 0, pageLoad: 300000, script: 30000}, unhandledPromptBehavior: dismiss and notify, webauthn:extension:largeBlob: true, webauthn:virtualAuthenticators: true}
Session ID: 369aa93cfeba7e88950624bfa7b53f11
*** Element info: {Using=id, value=ReturnsLodgement:Cancel}
	at jdk.internal.reflect.GeneratedConstructorAccessor12.newInstance(Unknown Source)
	at java.base/jdk.internal.reflect.DelegatingConstructorAccessorImpl.newInstance(DelegatingConstructorAccessorImpl.java:45)
	at java.base/java.lang.reflect.Constructor.newInstanceWithCaller(Constructor.java:499)
	at java.base/java.lang.reflect.Constructor.newInstance(Constructor.java:480)
	at org.openqa.selenium.remote.http.W3CHttpResponseCodec.createException(W3CHttpResponseCodec.java:187)
	at org.openqa.selenium.remote.http.W3CHttpResponseCodec.decode(W3CHttpResponseCodec.java:122)
	at org.openqa.selenium.remote.http.W3CHttpResponseCodec.decode(W3CHttpResponseCodec.java:49)
	at org.openqa.selenium.remote.HttpCommandExecutor.execute(HttpCommandExecutor.java:158)
	at org.openqa.selenium.remote.service.DriverCommandExecutor.execute(DriverCommandExecutor.java:83)
	at org.openqa.selenium.remote.RemoteWebDriver.execute(RemoteWebDriver.java:552)
	at org.openqa.selenium.remote.RemoteWebDriver.findElement(RemoteWebDriver.java:323)
	at org.openqa.selenium.remote.RemoteWebDriver.findElementById(RemoteWebDriver.java:372)
	at org.openqa.selenium.By$ById.findElement(By.java:188)
	at org.openqa.selenium.remote.RemoteWebDriver.findElement(RemoteWebDriver.java:315)
	at org.openqa.selenium.support.ui.ExpectedConditions$7.apply(ExpectedConditions.java:205)
	at org.openqa.selenium.support.ui.ExpectedConditions$7.apply(ExpectedConditions.java:201)
	at org.openqa.selenium.support.ui.FluentWait.until(FluentWait.java:249)
	at StepDefinitions.stepDefinitions.clickCancelToReturnToCreateInstallmentScreen(stepDefinitions.java:986)
	at java.base/jdk.internal.reflect.NativeMethodAccessorImpl.invoke0(Native Method)
	at java.base/jdk.internal.reflect.NativeMethodAccessorImpl.invoke(NativeMethodAccessorImpl.java:78)
	at java.base/jdk.internal.reflect.DelegatingMethodAccessorImpl.invoke(DelegatingMethodAccessorImpl.java:43)
	at java.base/java.lang.reflect.Method.invoke(Method.java:567)
	at io.cucumber.java.Invoker.doInvoke(Invoker.java:66)
	at io.cucumber.java.Invoker.invoke(Invoker.java:24)
	at io.cucumber.java.AbstractGlueDefinition.invokeMethod(AbstractGlueDefinition.java:44)
	at io.cucumber.java.JavaStepDefinition.execute(JavaStepDefinition.java:29)
	at io.cucumber.core.runner.CoreStepDefinition.execute(CoreStepDefinition.java:64)
	at io.cucumber.core.runner.PickleStepDefinitionMatch.runStep(PickleStepDefinitionMatch.java:63)
	at io.cucumber.core.runner.TestStep.executeStep(TestStep.java:92)
	at io.cucumber.core.runner.TestStep.run(TestStep.java:63)
	at io.cucumber.core.runner.PickleStepTestStep.run(PickleStepTestStep.java:49)
	at io.cucumber.core.runner.TestCase.run(TestCase.java:99)
	at io.cucumber.core.runner.Runner.runPickle(Runner.java:71)
	at io.cucumber.junit.PickleRunners$NoStepDescriptions.run(PickleRunners.java:140)
	at io.cucumber.junit.FeatureRunner.runChild(FeatureRunner.java:118)
	at io.cucumber.junit.FeatureRunner.runChild(FeatureRunner.java:24)
	at org.junit.runners.ParentRunner$3.run(ParentRunner.java:238)
	at org.junit.runners.ParentRunner$1.schedule(ParentRunner.java:63)
	at org.junit.runners.ParentRunner.runChildren(ParentRunner.java:236)
	at org.junit.runners.ParentRunner.access$000(ParentRunner.java:53)
	at org.junit.runners.ParentRunner$2.evaluate(ParentRunner.java:229)
	at org.junit.runners.ParentRunner.run(ParentRunner.java:309)
	at io.cucumber.junit.Cucumber.runChild(Cucumber.java:192)
	at io.cucumber.junit.Cucumber.runChild(Cucumber.java:88)
	at org.junit.runners.ParentRunner$3.run(ParentRunner.java:238)
	at org.junit.runners.ParentRunner$1.schedule(ParentRunner.java:63)
	at org.junit.runners.ParentRunner.runChildren(ParentRunner.java:236)
	at org.junit.runners.ParentRunner.access$000(ParentRunner.java:53)
	at org.junit.runners.ParentRunner$2.evaluate(ParentRunner.java:229)
	at io.cucumber.junit.Cucumber$RunCucumber.evaluate(Cucumber.java:227)
	at org.junit.runners.ParentRunner.run(ParentRunner.java:309)
	at org.junit.runner.JUnitCore.run(JUnitCore.java:160)
	at com.intellij.junit4.JUnit4IdeaTestRunner.startRunnerWithArgs(JUnit4IdeaTestRunner.java:69)
	at com.intellij.rt.junit.IdeaTestRunner$Repeater.startRunnerWithArgs(IdeaTestRunner.java:33)
	at com.intellij.rt.junit.JUnitStarter.prepareStreamsAndStart(JUnitStarter.java:220)
	at com.intellij.rt.junit.JUnitStarter.main(JUnitStarter.java:53)
</textarea>
		</li>
		<li test-id='203' class='node then skip' status='skip'>
			<div class="step-name" title="StepDefinitions.stepDefinitions.removeReturnDocument()"><span class='status skip' title='skip'><i class='material-icons'>redo</i></span>Then Remove return document</div>
			<div class="node-step">Step skipped</div>
		</li>
		<li test-id='204' class='node then skip' status='skip'>
			<div class="step-name" title="StepDefinitions.stepDefinitions.verify_success_message(java.lang.String)"><span class='status skip' title='skip'><i class='material-icons'>redo</i></span>Then Verify success message "Record Deleted"</div>
			<div class="node-step">Step skipped</div>
		</li>
	</ul>
</div>
					</div>
				</li>
				<li class='test displayed active has-leaf pass' status='pass' bdd='true' test-id='207'>
					<div class='test-heading'>
						<span class='test-name'>[SUC:08-07]-Generate debt management reports</span>
						<span class='test-time'>Jun 15, 2021 04:21:21 PM</span>
						<span class='test-status right pass'>pass</span>
					</div>
					<div class='test-content hide'>
<div class="sr-filters bdd-filters">
	<a class="btn-floating waves-effect waves-light pass green" title="pass"><i class='material-icons'>check_circle</i></a>
	<a class="btn-floating waves-effect waves-light fail red" title="fail"><i class='material-icons'>cancel</i></a>
	<a class="btn-floating waves-effect waves-light skip blue" title="skip"><i class='material-icons'>redo</i></a>
	<a class="btn-floating waves-effect waves-light clear grey" title="clear"><i class='material-icons'>clear</i></a>
</div>
<div class='scenario node' test-id='208' status='pass'>
	<div class='category-list'>
		<span class='category label'>@SUC:08-07</span>
		<span class='category label'>@UAT_M8-08-07-01</span>
		<span class='category label'>@backoffice</span>
	</div>
	<span class='duration right label'>0h 1m 4s+497ms</span>
	<div class="bdd-test">
		<div class="scenario-name"><span class='status pass' title='pass'><i class='material-icons'>check_circle</i></span> Scenario: UAT_M8-08-07-01-Verify the process of print Report-Aged Arreas Analysis report</div>
	</div>
	<ul class='steps'>
		<li test-id='211' class='node given pass' status='pass'>
			<div class="step-name" title="StepDefinitions.stepDefinitions.user_navigates_to_the_login_page()"><span class='status pass' title='pass'><i class='material-icons'>check_circle</i></span>Given User navigates to the login page</div>
			<div class="node-step"></div>
		</li>
		<li test-id='212' class='node then pass' status='pass'>
			<div class="step-name" title="StepDefinitions.stepDefinitions.enters_the_username_something_and_password_something_to_login(java.lang.String,java.lang.String)"><span class='status pass' title='pass'><i class='material-icons'>check_circle</i></span>Then Enters the username "tripsuser" and password "Passw0rd" to login</div>
			<div class="node-step"></div>
		</li>
		<li test-id='213' class='node then pass' status='pass'>
			<div class="step-name" title="StepDefinitions.stepDefinitions.goToReportingScreen()"><span class='status pass' title='pass'><i class='material-icons'>check_circle</i></span>Then Click reporting > reports</div>
			<div class="node-step"></div>
		</li>
		<li test-id='214' class='node then pass' status='pass'>
			<div class="step-name" title="StepDefinitions.stepDefinitions.select_report_to_print(java.lang.String)"><span class='status pass' title='pass'><i class='material-icons'>check_circle</i></span>Then Select report to print "Aged Arrears Analysis Report"</div>
			<div class="node-step"></div>
		</li>
		<li test-id='215' class='node then pass' status='pass'>
			<div class="step-name" title="StepDefinitions.stepDefinitions.select_report_file_type(java.lang.String)"><span class='status pass' title='pass'><i class='material-icons'>check_circle</i></span>Then Select report file type "PDF"</div>
			<div class="node-step"></div>
		</li>
		<li test-id='216' class='node then pass' status='pass'>
			<div class="step-name" title="StepDefinitions.stepDefinitions.select_tax_office(java.lang.String)"><span class='status pass' title='pass'><i class='material-icons'>check_circle</i></span>Then Select tax office "All"</div>
			<div class="node-step"></div>
		</li>
		<li test-id='217' class='node then pass' status='pass'>
			<div class="step-name" title="StepDefinitions.stepDefinitions.click_run_report(java.lang.String)"><span class='status pass' title='pass'><i class='material-icons'>check_circle</i></span>Then Click run report "frmReportDetails:RunReport"</div>
			<div class="node-step"></div>
		</li>
		<li test-id='218' class='node then pass' status='pass'>
			<div class="step-name" title="StepDefinitions.stepDefinitions.verify_file_has_been_downloaded_in_downloads_directory(java.lang.String,java.lang.String)"><span class='status pass' title='pass'><i class='material-icons'>check_circle</i></span>Then Verify file "Aged Arrears Analysis Report.pdf" has been downloaded in downloads directory "C:\\Users\\maxma\\Downloads"</div>
			<div class="node-step"></div>
		</li>
		<li test-id='219' class='node then pass' status='pass'>
			<div class="step-name" title="StepDefinitions.stepDefinitions.select_report_file_type(java.lang.String)"><span class='status pass' title='pass'><i class='material-icons'>check_circle</i></span>Then Select report file type "EXCEL"</div>
			<div class="node-step"></div>
		</li>
		<li test-id='220' class='node then pass' status='pass'>
			<div class="step-name" title="StepDefinitions.stepDefinitions.click_run_report(java.lang.String)"><span class='status pass' title='pass'><i class='material-icons'>check_circle</i></span>Then Click run report "frmReportDetails:RunReport"</div>
			<div class="node-step"></div>
		</li>
		<li test-id='221' class='node then pass' status='pass'>
			<div class="step-name" title="StepDefinitions.stepDefinitions.verify_file_has_been_downloaded_in_downloads_directory(java.lang.String,java.lang.String)"><span class='status pass' title='pass'><i class='material-icons'>check_circle</i></span>Then Verify file "Aged Arrears Analysis Report.xls" has been downloaded in downloads directory "C:\\Users\\maxma\\Downloads"</div>
			<div class="node-step"></div>
		</li>
	</ul>
</div>
<div class='scenario node' test-id='224' status='pass'>
	<div class='category-list'>
		<span class='category label'>@SUC:08-07</span>
		<span class='category label'>@UAT_M8-08-07-02</span>
		<span class='category label'>@backoffice</span>
	</div>
	<span class='duration right label'>0h 0m 56s+117ms</span>
	<div class="bdd-test">
		<div class="scenario-name"><span class='status pass' title='pass'><i class='material-icons'>check_circle</i></span> Scenario: UAT_M8-08-07-02-Verify the process of print Debt-recovery report</div>
	</div>
	<ul class='steps'>
		<li test-id='227' class='node given pass' status='pass'>
			<div class="step-name" title="StepDefinitions.stepDefinitions.user_navigates_to_the_login_page()"><span class='status pass' title='pass'><i class='material-icons'>check_circle</i></span>Given User navigates to the login page</div>
			<div class="node-step"></div>
		</li>
		<li test-id='228' class='node then pass' status='pass'>
			<div class="step-name" title="StepDefinitions.stepDefinitions.enters_the_username_something_and_password_something_to_login(java.lang.String,java.lang.String)"><span class='status pass' title='pass'><i class='material-icons'>check_circle</i></span>Then Enters the username "tripsuser" and password "Passw0rd" to login</div>
			<div class="node-step"></div>
		</li>
		<li test-id='229' class='node then pass' status='pass'>
			<div class="step-name" title="StepDefinitions.stepDefinitions.goToReportingScreen()"><span class='status pass' title='pass'><i class='material-icons'>check_circle</i></span>Then Click reporting > reports</div>
			<div class="node-step"></div>
		</li>
		<li test-id='230' class='node then pass' status='pass'>
			<div class="step-name" title="StepDefinitions.stepDefinitions.select_report_to_print(java.lang.String)"><span class='status pass' title='pass'><i class='material-icons'>check_circle</i></span>Then Select report to print "Debt Recovery Report"</div>
			<div class="node-step"></div>
		</li>
		<li test-id='231' class='node then pass' status='pass'>
			<div class="step-name" title="StepDefinitions.stepDefinitions.select_report_file_type(java.lang.String)"><span class='status pass' title='pass'><i class='material-icons'>check_circle</i></span>Then Select report file type "PDF"</div>
			<div class="node-step"></div>
		</li>
		<li test-id='232' class='node then pass' status='pass'>
			<div class="step-name" title="StepDefinitions.stepDefinitions.selectEndingDateAsToday()"><span class='status pass' title='pass'><i class='material-icons'>check_circle</i></span>Then Select ending date as today</div>
			<div class="node-step"></div>
		</li>
		<li test-id='233' class='node then pass' status='pass'>
			<div class="step-name" title="StepDefinitions.stepDefinitions.select_tax_office(java.lang.String)"><span class='status pass' title='pass'><i class='material-icons'>check_circle</i></span>Then Select tax office "All"</div>
			<div class="node-step"></div>
		</li>
		<li test-id='234' class='node then pass' status='pass'>
			<div class="step-name" title="StepDefinitions.stepDefinitions.select_return_type()"><span class='status pass' title='pass'><i class='material-icons'>check_circle</i></span>Then Select return type</div>
			<div class="node-step"></div>
		</li>
		<li test-id='235' class='node then pass' status='pass'>
			<div class="step-name" title="StepDefinitions.stepDefinitions.click_run_report(java.lang.String)"><span class='status pass' title='pass'><i class='material-icons'>check_circle</i></span>Then Click run report "frmReportDetails:RunReport"</div>
			<div class="node-step"></div>
		</li>
		<li test-id='236' class='node then pass' status='pass'>
			<div class="step-name" title="StepDefinitions.stepDefinitions.verify_file_has_been_downloaded_in_downloads_directory(java.lang.String,java.lang.String)"><span class='status pass' title='pass'><i class='material-icons'>check_circle</i></span>Then Verify file "Debt Recovery Report.pdf" has been downloaded in downloads directory "C:\\Users\\maxma\\Downloads"</div>
			<div class="node-step"></div>
		</li>
		<li test-id='237' class='node then pass' status='pass'>
			<div class="step-name" title="StepDefinitions.stepDefinitions.select_report_file_type(java.lang.String)"><span class='status pass' title='pass'><i class='material-icons'>check_circle</i></span>Then Select report file type "EXCEL"</div>
			<div class="node-step"></div>
		</li>
		<li test-id='238' class='node then pass' status='pass'>
			<div class="step-name" title="StepDefinitions.stepDefinitions.click_run_report(java.lang.String)"><span class='status pass' title='pass'><i class='material-icons'>check_circle</i></span>Then Click run report "frmReportDetails:RunReport"</div>
			<div class="node-step"></div>
		</li>
		<li test-id='239' class='node then pass' status='pass'>
			<div class="step-name" title="StepDefinitions.stepDefinitions.verify_file_has_been_downloaded_in_downloads_directory(java.lang.String,java.lang.String)"><span class='status pass' title='pass'><i class='material-icons'>check_circle</i></span>Then Verify file "Debt Recovery Report.xls" has been downloaded in downloads directory "C:\\Users\\maxma\\Downloads"</div>
			<div class="node-step"></div>
		</li>
	</ul>
</div>
<div class='scenario node' test-id='242' status='pass'>
	<div class='category-list'>
		<span class='category label'>@SUC:08-07</span>
		<span class='category label'>@UAT_M8-08-07-03</span>
		<span class='category label'>@backoffice</span>
	</div>
	<span class='duration right label'>0h 1m 9s+375ms</span>
	<div class="bdd-test">
		<div class="scenario-name"><span class='status pass' title='pass'><i class='material-icons'>check_circle</i></span> Scenario: UAT_M8-08-07-03-Verify the process of installment agreement summary report</div>
	</div>
	<ul class='steps'>
		<li test-id='245' class='node given pass' status='pass'>
			<div class="step-name" title="StepDefinitions.stepDefinitions.user_navigates_to_the_login_page()"><span class='status pass' title='pass'><i class='material-icons'>check_circle</i></span>Given User navigates to the login page</div>
			<div class="node-step"></div>
		</li>
		<li test-id='246' class='node then pass' status='pass'>
			<div class="step-name" title="StepDefinitions.stepDefinitions.enters_the_username_something_and_password_something_to_login(java.lang.String,java.lang.String)"><span class='status pass' title='pass'><i class='material-icons'>check_circle</i></span>Then Enters the username "tripsuser" and password "Passw0rd" to login</div>
			<div class="node-step"></div>
		</li>
		<li test-id='247' class='node then pass' status='pass'>
			<div class="step-name" title="StepDefinitions.stepDefinitions.goToReportingScreen()"><span class='status pass' title='pass'><i class='material-icons'>check_circle</i></span>Then Click reporting > reports</div>
			<div class="node-step"></div>
		</li>
		<li test-id='248' class='node then pass' status='pass'>
			<div class="step-name" title="StepDefinitions.stepDefinitions.select_report_to_print(java.lang.String)"><span class='status pass' title='pass'><i class='material-icons'>check_circle</i></span>Then Select report to print "Instalment Agreement Summary Report"</div>
			<div class="node-step"></div>
		</li>
		<li test-id='249' class='node then pass' status='pass'>
			<div class="step-name" title="StepDefinitions.stepDefinitions.select_report_file_type(java.lang.String)"><span class='status pass' title='pass'><i class='material-icons'>check_circle</i></span>Then Select report file type "PDF"</div>
			<div class="node-step"></div>
		</li>
		<li test-id='250' class='node then pass' status='pass'>
			<div class="step-name" title="StepDefinitions.stepDefinitions.selectEndingDateAsToday()"><span class='status pass' title='pass'><i class='material-icons'>check_circle</i></span>Then Select ending date as today</div>
			<div class="node-step"></div>
		</li>
		<li test-id='251' class='node then pass' status='pass'>
			<div class="step-name" title="StepDefinitions.stepDefinitions.select_tax_office(java.lang.String)"><span class='status pass' title='pass'><i class='material-icons'>check_circle</i></span>Then Select tax office "All"</div>
			<div class="node-step"></div>
		</li>
		<li test-id='252' class='node then pass' status='pass'>
			<div class="step-name" title="StepDefinitions.stepDefinitions.select_return_type()"><span class='status pass' title='pass'><i class='material-icons'>check_circle</i></span>Then Select return type</div>
			<div class="node-step"></div>
		</li>
		<li test-id='253' class='node then pass' status='pass'>
			<div class="step-name" title="StepDefinitions.stepDefinitions.click_run_report(java.lang.String)"><span class='status pass' title='pass'><i class='material-icons'>check_circle</i></span>Then Click run report "frmReportDetails:RunReport"</div>
			<div class="node-step"></div>
		</li>
		<li test-id='254' class='node then pass' status='pass'>
			<div class="step-name" title="StepDefinitions.stepDefinitions.verify_file_has_been_downloaded_in_downloads_directory(java.lang.String,java.lang.String)"><span class='status pass' title='pass'><i class='material-icons'>check_circle</i></span>Then Verify file "Instalment Agreement Summary Report.pdf" has been downloaded in downloads directory "C:\\Users\\maxma\\Downloads"</div>
			<div class="node-step"></div>
		</li>
		<li test-id='255' class='node then pass' status='pass'>
			<div class="step-name" title="StepDefinitions.stepDefinitions.select_report_file_type(java.lang.String)"><span class='status pass' title='pass'><i class='material-icons'>check_circle</i></span>Then Select report file type "EXCEL"</div>
			<div class="node-step"></div>
		</li>
		<li test-id='256' class='node then pass' status='pass'>
			<div class="step-name" title="StepDefinitions.stepDefinitions.click_run_report(java.lang.String)"><span class='status pass' title='pass'><i class='material-icons'>check_circle</i></span>Then Click run report "frmReportDetails:RunReport"</div>
			<div class="node-step"></div>
		</li>
		<li test-id='257' class='node then pass' status='pass'>
			<div class="step-name" title="StepDefinitions.stepDefinitions.verify_file_has_been_downloaded_in_downloads_directory(java.lang.String,java.lang.String)"><span class='status pass' title='pass'><i class='material-icons'>check_circle</i></span>Then Verify file "Instalment Agreement Summary Report.xls" has been downloaded in downloads directory "C:\\Users\\maxma\\Downloads"</div>
			<div class="node-step"></div>
		</li>
	</ul>
</div>
<div class='scenario node' test-id='260' status='pass'>
	<div class='category-list'>
		<span class='category label'>@SUC:08-07</span>
		<span class='category label'>@UAT_M8-08-07-04</span>
		<span class='category label'>@backoffice</span>
	</div>
	<span class='duration right label'>0h 1m 0s+201ms</span>
	<div class="bdd-test">
		<div class="scenario-name"><span class='status pass' title='pass'><i class='material-icons'>check_circle</i></span> Scenario: UAT_M8-08-07-04-Verify the process of taxpayer debt report</div>
	</div>
	<ul class='steps'>
		<li test-id='263' class='node given pass' status='pass'>
			<div class="step-name" title="StepDefinitions.stepDefinitions.user_navigates_to_the_login_page()"><span class='status pass' title='pass'><i class='material-icons'>check_circle</i></span>Given User navigates to the login page</div>
			<div class="node-step"></div>
		</li>
		<li test-id='264' class='node then pass' status='pass'>
			<div class="step-name" title="StepDefinitions.stepDefinitions.enters_the_username_something_and_password_something_to_login(java.lang.String,java.lang.String)"><span class='status pass' title='pass'><i class='material-icons'>check_circle</i></span>Then Enters the username "tripsuser" and password "Passw0rd" to login</div>
			<div class="node-step"></div>
		</li>
		<li test-id='265' class='node then pass' status='pass'>
			<div class="step-name" title="StepDefinitions.stepDefinitions.goToReportingScreen()"><span class='status pass' title='pass'><i class='material-icons'>check_circle</i></span>Then Click reporting > reports</div>
			<div class="node-step"></div>
		</li>
		<li test-id='266' class='node then pass' status='pass'>
			<div class="step-name" title="StepDefinitions.stepDefinitions.select_report_to_print(java.lang.String)"><span class='status pass' title='pass'><i class='material-icons'>check_circle</i></span>Then Select report to print "Taxpayer Debt Report"</div>
			<div class="node-step"></div>
		</li>
		<li test-id='267' class='node then pass' status='pass'>
			<div class="step-name" title="StepDefinitions.stepDefinitions.select_report_file_type(java.lang.String)"><span class='status pass' title='pass'><i class='material-icons'>check_circle</i></span>Then Select report file type "PDF"</div>
			<div class="node-step"></div>
		</li>
		<li test-id='268' class='node then pass' status='pass'>
			<div class="step-name" title="StepDefinitions.stepDefinitions.selectEndingDateAsToday()"><span class='status pass' title='pass'><i class='material-icons'>check_circle</i></span>Then Select ending date as today</div>
			<div class="node-step"></div>
		</li>
		<li test-id='269' class='node then pass' status='pass'>
			<div class="step-name" title="StepDefinitions.stepDefinitions.select_return_type()"><span class='status pass' title='pass'><i class='material-icons'>check_circle</i></span>Then Select return type</div>
			<div class="node-step"></div>
		</li>
		<li test-id='270' class='node then pass' status='pass'>
			<div class="step-name" title="StepDefinitions.stepDefinitions.click_run_report(java.lang.String)"><span class='status pass' title='pass'><i class='material-icons'>check_circle</i></span>Then Click run report "frmReportDetails:RunReport"</div>
			<div class="node-step"></div>
		</li>
		<li test-id='271' class='node then pass' status='pass'>
			<div class="step-name" title="StepDefinitions.stepDefinitions.verify_file_has_been_downloaded_in_downloads_directory(java.lang.String,java.lang.String)"><span class='status pass' title='pass'><i class='material-icons'>check_circle</i></span>Then Verify file "Taxpayer Debt Report.pdf" has been downloaded in downloads directory "C:\\Users\\maxma\\Downloads"</div>
			<div class="node-step"></div>
		</li>
		<li test-id='272' class='node then pass' status='pass'>
			<div class="step-name" title="StepDefinitions.stepDefinitions.select_report_file_type(java.lang.String)"><span class='status pass' title='pass'><i class='material-icons'>check_circle</i></span>Then Select report file type "EXCEL"</div>
			<div class="node-step"></div>
		</li>
		<li test-id='273' class='node then pass' status='pass'>
			<div class="step-name" title="StepDefinitions.stepDefinitions.click_run_report(java.lang.String)"><span class='status pass' title='pass'><i class='material-icons'>check_circle</i></span>Then Click run report "frmReportDetails:RunReport"</div>
			<div class="node-step"></div>
		</li>
		<li test-id='274' class='node then pass' status='pass'>
			<div class="step-name" title="StepDefinitions.stepDefinitions.verify_file_has_been_downloaded_in_downloads_directory(java.lang.String,java.lang.String)"><span class='status pass' title='pass'><i class='material-icons'>check_circle</i></span>Then Verify file "Taxpayer Debt Report.xls" has been downloaded in downloads directory "C:\\Users\\maxma\\Downloads"</div>
			<div class="node-step"></div>
		</li>
	</ul>
</div>
<div class='scenario node' test-id='277' status='pass'>
	<div class='category-list'>
		<span class='category label'>@SUC:08-07</span>
		<span class='category label'>@UAT_M8-08-07-05</span>
		<span class='category label'>@backoffice</span>
	</div>
	<span class='duration right label'>0h 0m 52s+374ms</span>
	<div class="bdd-test">
		<div class="scenario-name"><span class='status pass' title='pass'><i class='material-icons'>check_circle</i></span> Scenario: UAT_M8-08-07-05-Verify the process of write off report</div>
	</div>
	<ul class='steps'>
		<li test-id='280' class='node given pass' status='pass'>
			<div class="step-name" title="StepDefinitions.stepDefinitions.user_navigates_to_the_login_page()"><span class='status pass' title='pass'><i class='material-icons'>check_circle</i></span>Given User navigates to the login page</div>
			<div class="node-step"></div>
		</li>
		<li test-id='281' class='node then pass' status='pass'>
			<div class="step-name" title="StepDefinitions.stepDefinitions.enters_the_username_something_and_password_something_to_login(java.lang.String,java.lang.String)"><span class='status pass' title='pass'><i class='material-icons'>check_circle</i></span>Then Enters the username "tripsuser" and password "Passw0rd" to login</div>
			<div class="node-step"></div>
		</li>
		<li test-id='282' class='node then pass' status='pass'>
			<div class="step-name" title="StepDefinitions.stepDefinitions.goToReportingScreen()"><span class='status pass' title='pass'><i class='material-icons'>check_circle</i></span>Then Click reporting > reports</div>
			<div class="node-step"></div>
		</li>
		<li test-id='283' class='node then pass' status='pass'>
			<div class="step-name" title="StepDefinitions.stepDefinitions.select_report_to_print(java.lang.String)"><span class='status pass' title='pass'><i class='material-icons'>check_circle</i></span>Then Select report to print "Write Off Report"</div>
			<div class="node-step"></div>
		</li>
		<li test-id='284' class='node then pass' status='pass'>
			<div class="step-name" title="StepDefinitions.stepDefinitions.select_report_file_type(java.lang.String)"><span class='status pass' title='pass'><i class='material-icons'>check_circle</i></span>Then Select report file type "PDF"</div>
			<div class="node-step"></div>
		</li>
		<li test-id='285' class='node then pass' status='pass'>
			<div class="step-name" title="StepDefinitions.stepDefinitions.selectEndingDateAsToday()"><span class='status pass' title='pass'><i class='material-icons'>check_circle</i></span>Then Select ending date as today</div>
			<div class="node-step"></div>
		</li>
		<li test-id='286' class='node then pass' status='pass'>
			<div class="step-name" title="StepDefinitions.stepDefinitions.select_tax_office(java.lang.String)"><span class='status pass' title='pass'><i class='material-icons'>check_circle</i></span>Then Select tax office "All"</div>
			<div class="node-step"></div>
		</li>
		<li test-id='287' class='node then pass' status='pass'>
			<div class="step-name" title="StepDefinitions.stepDefinitions.select_return_type()"><span class='status pass' title='pass'><i class='material-icons'>check_circle</i></span>Then Select return type</div>
			<div class="node-step"></div>
		</li>
		<li test-id='288' class='node then pass' status='pass'>
			<div class="step-name" title="StepDefinitions.stepDefinitions.selectBusinessSector()"><span class='status pass' title='pass'><i class='material-icons'>check_circle</i></span>Then Select business sector</div>
			<div class="node-step"></div>
		</li>
		<li test-id='289' class='node then pass' status='pass'>
			<div class="step-name" title="StepDefinitions.stepDefinitions.click_run_report(java.lang.String)"><span class='status pass' title='pass'><i class='material-icons'>check_circle</i></span>Then Click run report "frmReportDetails:RunReport"</div>
			<div class="node-step"></div>
		</li>
		<li test-id='290' class='node then pass' status='pass'>
			<div class="step-name" title="StepDefinitions.stepDefinitions.verify_file_has_been_downloaded_in_downloads_directory(java.lang.String,java.lang.String)"><span class='status pass' title='pass'><i class='material-icons'>check_circle</i></span>Then Verify file "Write Off Report.pdf" has been downloaded in downloads directory "C:\\Users\\maxma\\Downloads"</div>
			<div class="node-step"></div>
		</li>
		<li test-id='291' class='node then pass' status='pass'>
			<div class="step-name" title="StepDefinitions.stepDefinitions.select_report_file_type(java.lang.String)"><span class='status pass' title='pass'><i class='material-icons'>check_circle</i></span>Then Select report file type "EXCEL"</div>
			<div class="node-step"></div>
		</li>
		<li test-id='292' class='node then pass' status='pass'>
			<div class="step-name" title="StepDefinitions.stepDefinitions.click_run_report(java.lang.String)"><span class='status pass' title='pass'><i class='material-icons'>check_circle</i></span>Then Click run report "frmReportDetails:RunReport"</div>
			<div class="node-step"></div>
		</li>
		<li test-id='293' class='node then pass' status='pass'>
			<div class="step-name" title="StepDefinitions.stepDefinitions.verify_file_has_been_downloaded_in_downloads_directory(java.lang.String,java.lang.String)"><span class='status pass' title='pass'><i class='material-icons'>check_circle</i></span>Then Verify file "Write Off Report.xls" has been downloaded in downloads directory "C:\\Users\\maxma\\Downloads"</div>
			<div class="node-step"></div>
		</li>
	</ul>
</div>
<div class='scenario node' test-id='296' status='pass'>
	<div class='category-list'>
		<span class='category label'>@SUC:08-07</span>
		<span class='category label'>@UAT_M8-08-07-06</span>
		<span class='category label'>@backoffice</span>
	</div>
	<span class='duration right label'>0h 0m 27s+844ms</span>
	<div class="bdd-test">
		<div class="scenario-name"><span class='status pass' title='pass'><i class='material-icons'>check_circle</i></span> Scenario: UAT_M8-08-07-06-Verify the process of validation errors</div>
	</div>
	<ul class='steps'>
		<li test-id='299' class='node given pass' status='pass'>
			<div class="step-name" title="StepDefinitions.stepDefinitions.user_navigates_to_the_login_page()"><span class='status pass' title='pass'><i class='material-icons'>check_circle</i></span>Given User navigates to the login page</div>
			<div class="node-step"></div>
		</li>
		<li test-id='300' class='node then pass' status='pass'>
			<div class="step-name" title="StepDefinitions.stepDefinitions.enters_the_username_something_and_password_something_to_login(java.lang.String,java.lang.String)"><span class='status pass' title='pass'><i class='material-icons'>check_circle</i></span>Then Enters the username "tripsuser" and password "Passw0rd" to login</div>
			<div class="node-step"></div>
		</li>
		<li test-id='301' class='node then pass' status='pass'>
			<div class="step-name" title="StepDefinitions.stepDefinitions.goToReportingScreen()"><span class='status pass' title='pass'><i class='material-icons'>check_circle</i></span>Then Click reporting > reports</div>
			<div class="node-step"></div>
		</li>
		<li test-id='302' class='node then pass' status='pass'>
			<div class="step-name" title="StepDefinitions.stepDefinitions.select_report_to_print(java.lang.String)"><span class='status pass' title='pass'><i class='material-icons'>check_circle</i></span>Then Select report to print "Write Off Report"</div>
			<div class="node-step"></div>
		</li>
		<li test-id='303' class='node then pass' status='pass'>
			<div class="step-name" title="StepDefinitions.stepDefinitions.select_report_file_type(java.lang.String)"><span class='status pass' title='pass'><i class='material-icons'>check_circle</i></span>Then Select report file type "PDF"</div>
			<div class="node-step"></div>
		</li>
		<li test-id='304' class='node then pass' status='pass'>
			<div class="step-name" title="StepDefinitions.stepDefinitions.selectEndingDateAsToday()"><span class='status pass' title='pass'><i class='material-icons'>check_circle</i></span>Then Select ending date as today</div>
			<div class="node-step"></div>
		</li>
		<li test-id='305' class='node then pass' status='pass'>
			<div class="step-name" title="StepDefinitions.stepDefinitions.click_run_report(java.lang.String)"><span class='status pass' title='pass'><i class='material-icons'>check_circle</i></span>Then Click run report "frmReportDetails:RunReport"</div>
			<div class="node-step"></div>
		</li>
		<li test-id='306' class='node then pass' status='pass'>
			<div class="step-name" title="StepDefinitions.stepDefinitions.verify_error_message(java.lang.String)"><span class='status pass' title='pass'><i class='material-icons'>check_circle</i></span>Then Verify error message "Tax Office: Validation Error: Value is required."</div>
			<div class="node-step"></div>
		</li>
		<li test-id='307' class='node then pass' status='pass'>
			<div class="step-name" title="StepDefinitions.stepDefinitions.verify_error_message(java.lang.String)"><span class='status pass' title='pass'><i class='material-icons'>check_circle</i></span>Then Verify error message "Tax Type: Validation Error: Value is required."</div>
			<div class="node-step"></div>
		</li>
		<li test-id='308' class='node then pass' status='pass'>
			<div class="step-name" title="StepDefinitions.stepDefinitions.verify_error_message(java.lang.String)"><span class='status pass' title='pass'><i class='material-icons'>check_circle</i></span>Then Verify error message "Business Sector: Validation Error: Value is required."</div>
			<div class="node-step"></div>
		</li>
	</ul>
</div>
<div class='scenario node' test-id='311' status='pass'>
	<div class='category-list'>
		<span class='category label'>@SUC:08-07</span>
		<span class='category label'>@UAT_M8-08-07-07</span>
		<span class='category label'>@backoffice</span>
	</div>
	<span class='duration right label'>0h 0m 27s+880ms</span>
	<div class="bdd-test">
		<div class="scenario-name"><span class='status pass' title='pass'><i class='material-icons'>check_circle</i></span> Scenario: UAT_M8-08-07-07-Verify the process of abandon report</div>
	</div>
	<ul class='steps'>
		<li test-id='314' class='node given pass' status='pass'>
			<div class="step-name" title="StepDefinitions.stepDefinitions.user_navigates_to_the_login_page()"><span class='status pass' title='pass'><i class='material-icons'>check_circle</i></span>Given User navigates to the login page</div>
			<div class="node-step"></div>
		</li>
		<li test-id='315' class='node then pass' status='pass'>
			<div class="step-name" title="StepDefinitions.stepDefinitions.enters_the_username_something_and_password_something_to_login(java.lang.String,java.lang.String)"><span class='status pass' title='pass'><i class='material-icons'>check_circle</i></span>Then Enters the username "tripsuser" and password "Passw0rd" to login</div>
			<div class="node-step"></div>
		</li>
		<li test-id='316' class='node then pass' status='pass'>
			<div class="step-name" title="StepDefinitions.stepDefinitions.goToReportingScreen()"><span class='status pass' title='pass'><i class='material-icons'>check_circle</i></span>Then Click reporting > reports</div>
			<div class="node-step"></div>
		</li>
		<li test-id='317' class='node then pass' status='pass'>
			<div class="step-name" title="StepDefinitions.stepDefinitions.select_report_to_print(java.lang.String)"><span class='status pass' title='pass'><i class='material-icons'>check_circle</i></span>Then Select report to print "Write Off Report"</div>
			<div class="node-step"></div>
		</li>
		<li test-id='318' class='node then pass' status='pass'>
			<div class="step-name" title="StepDefinitions.stepDefinitions.select_report_file_type(java.lang.String)"><span class='status pass' title='pass'><i class='material-icons'>check_circle</i></span>Then Select report file type "PDF"</div>
			<div class="node-step"></div>
		</li>
		<li test-id='319' class='node then pass' status='pass'>
			<div class="step-name" title="StepDefinitions.stepDefinitions.selectEndingDateAsToday()"><span class='status pass' title='pass'><i class='material-icons'>check_circle</i></span>Then Select ending date as today</div>
			<div class="node-step"></div>
		</li>
		<li test-id='320' class='node then pass' status='pass'>
			<div class="step-name" title="StepDefinitions.stepDefinitions.clickCancelToAbandonReport()"><span class='status pass' title='pass'><i class='material-icons'>check_circle</i></span>Then Click cancel to abandon report</div>
			<div class="node-step"></div>
		</li>
		<li test-id='321' class='node then pass' status='pass'>
			<div class="step-name" title="StepDefinitions.stepDefinitions.user_is_navigated_back_to_homepage_something(java.lang.String)"><span class='status pass' title='pass'><i class='material-icons'>check_circle</i></span>Then user is navigated back to "https://backoffice.mra.mw:8443/trips-ui/faces/reports/ReportTree.xhtml"</div>
			<div class="node-step"></div>
		</li>
	</ul>
</div>
					</div>
				</li>
				<li class='test displayed active has-leaf pass' status='pass' bdd='true' test-id='324'>
					<div class='test-heading'>
						<span class='test-name'>[SUC:08-06]-Mantain installment agreement</span>
						<span class='test-time'>Jun 15, 2021 04:27:27 PM</span>
						<span class='test-status right pass'>pass</span>
					</div>
					<div class='test-content hide'>
<div class="sr-filters bdd-filters">
	<a class="btn-floating waves-effect waves-light pass green" title="pass"><i class='material-icons'>check_circle</i></a>
	<a class="btn-floating waves-effect waves-light fail red" title="fail"><i class='material-icons'>cancel</i></a>
	<a class="btn-floating waves-effect waves-light skip blue" title="skip"><i class='material-icons'>redo</i></a>
	<a class="btn-floating waves-effect waves-light clear grey" title="clear"><i class='material-icons'>clear</i></a>
</div>
<div class='scenario node' test-id='325' status='pass'>
	<div class='category-list'>
		<span class='category label'>@SUC:08-06</span>
		<span class='category label'>@UAT_M8-08-06-05</span>
		<span class='category label'>@backoffice</span>
	</div>
	<span class='duration right label'>0h 0m 39s+221ms</span>
	<div class="bdd-test">
		<div class="scenario-name"><span class='status pass' title='pass'><i class='material-icons'>check_circle</i></span> Scenario: UAT_M8-08-03-05-Verify the process of abandon cancel</div>
	</div>
	<ul class='steps'>
		<li test-id='328' class='node given pass' status='pass'>
			<div class="step-name" title="StepDefinitions.stepDefinitions.user_navigates_to_the_login_page()"><span class='status pass' title='pass'><i class='material-icons'>check_circle</i></span>Given User navigates to the login page</div>
			<div class="node-step"></div>
		</li>
		<li test-id='329' class='node then pass' status='pass'>
			<div class="step-name" title="StepDefinitions.stepDefinitions.enters_the_username_something_and_password_something_to_login(java.lang.String,java.lang.String)"><span class='status pass' title='pass'><i class='material-icons'>check_circle</i></span>Then Enters the username "tripsuser" and password "Passw0rd" to login</div>
			<div class="node-step"></div>
		</li>
		<li test-id='330' class='node and pass' status='pass'>
			<div class="step-name" title="StepDefinitions.stepDefinitions.clickOnDebtManagementInstallmentAgreementsCancelInstallmentAgreement()"><span class='status pass' title='pass'><i class='material-icons'>check_circle</i></span>And Click on debt management > Installment agreements > cancel installment agreement</div>
			<div class="node-step"></div>
		</li>
		<li test-id='331' class='node then pass' status='pass'>
			<div class="step-name" title="StepDefinitions.stepDefinitions.searchForCaseUsingTinAndAgreementNumber(java.lang.String,java.lang.String)"><span class='status pass' title='pass'><i class='material-icons'>check_circle</i></span>Then Search for case using tin "C0022970" and agreement number "IA000000055"</div>
			<div class="node-step"></div>
		</li>
		<li test-id='332' class='node then pass' status='pass'>
			<div class="step-name" title="StepDefinitions.stepDefinitions.enterCancellationReason(java.lang.String)"><span class='status pass' title='pass'><i class='material-icons'>check_circle</i></span>Then Enter cancellation reason "Breech of Compliance Rules (System compliance default)"</div>
			<div class="node-step"></div>
		</li>
		<li test-id='333' class='node then pass' status='pass'>
			<div class="step-name" title="StepDefinitions.stepDefinitions.enterCancellationDate()"><span class='status pass' title='pass'><i class='material-icons'>check_circle</i></span>Then Enter cancellation date</div>
			<div class="node-step"></div>
		</li>
		<li test-id='334' class='node then pass' status='pass'>
			<div class="step-name" title="StepDefinitions.stepDefinitions.enterCancellationNotes(java.lang.String)"><span class='status pass' title='pass'><i class='material-icons'>check_circle</i></span>Then Enter cancellation notes "Invalid"</div>
			<div class="node-step"></div>
		</li>
		<li test-id='335' class='node then pass' status='pass'>
			<div class="step-name" title="StepDefinitions.stepDefinitions.cancelCancellation()"><span class='status pass' title='pass'><i class='material-icons'>check_circle</i></span>Then Cancel cancellation</div>
			<div class="node-step"></div>
		</li>
		<li test-id='336' class='node then pass' status='pass'>
			<div class="step-name" title="StepDefinitions.stepDefinitions.user_is_navigated_back_to_homepage_something(java.lang.String)"><span class='status pass' title='pass'><i class='material-icons'>check_circle</i></span>Then user is navigated back to "https://backoffice.mra.mw:8443/trips-ui/faces/core/GenericSearch.xhtml"</div>
			<div class="node-step"></div>
		</li>
	</ul>
</div>
<div class='scenario node' test-id='339' status='pass'>
	<div class='category-list'>
		<span class='category label'>@SUC:08-06</span>
		<span class='category label'>@UAT_M8-08-06-06</span>
		<span class='category label'>@backoffice</span>
	</div>
	<span class='duration right label'>0h 0m 23s+552ms</span>
	<div class="bdd-test">
		<div class="scenario-name"><span class='status pass' title='pass'><i class='material-icons'>check_circle</i></span> Scenario: UAT_M8-08-03-06-Verify the process of view installment agreement</div>
	</div>
	<ul class='steps'>
		<li test-id='342' class='node given pass' status='pass'>
			<div class="step-name" title="StepDefinitions.stepDefinitions.user_navigates_to_the_login_page()"><span class='status pass' title='pass'><i class='material-icons'>check_circle</i></span>Given User navigates to the login page</div>
			<div class="node-step"></div>
		</li>
		<li test-id='343' class='node then pass' status='pass'>
			<div class="step-name" title="StepDefinitions.stepDefinitions.enters_the_username_something_and_password_something_to_login(java.lang.String,java.lang.String)"><span class='status pass' title='pass'><i class='material-icons'>check_circle</i></span>Then Enters the username "tripsuser" and password "Passw0rd" to login</div>
			<div class="node-step"></div>
		</li>
		<li test-id='344' class='node and pass' status='pass'>
			<div class="step-name" title="StepDefinitions.stepDefinitions.clickOnDebtManagementInstallmentAgreementsViewInstallmentAgreement()"><span class='status pass' title='pass'><i class='material-icons'>check_circle</i></span>And Click on debt management > Installment agreements > view installment agreement</div>
			<div class="node-step"></div>
		</li>
		<li test-id='345' class='node then pass' status='pass'>
			<div class="step-name" title="StepDefinitions.stepDefinitions.searchForCaseUsingTinAndAgreementNumber(java.lang.String,java.lang.String)"><span class='status pass' title='pass'><i class='material-icons'>check_circle</i></span>Then Search for case using tin "C0022970" and agreement number "IA000000055"</div>
			<div class="node-step"></div>
		</li>
		<li test-id='346' class='node then pass' status='pass'>
			<div class="step-name" title="StepDefinitions.stepDefinitions.verifyViewFieldHasCorrectData(java.lang.String)"><span class='status pass' title='pass'><i class='material-icons'>check_circle</i></span>Then Verify view field has correct data "IA000000055"</div>
			<div class="node-step"></div>
		</li>
	</ul>
</div>
<div class='scenario node' test-id='349' status='pass'>
	<div class='category-list'>
		<span class='category label'>@SUC:08-06</span>
		<span class='category label'>@UAT_M8-08-06-02</span>
		<span class='category label'>@backoffice</span>
	</div>
	<span class='duration right label'>0h 0m 34s+553ms</span>
	<div class="bdd-test">
		<div class="scenario-name"><span class='status pass' title='pass'><i class='material-icons'>check_circle</i></span> Scenario: UAT_M8-08-03-02-Verify the process of cancel installment agreement</div>
	</div>
	<ul class='steps'>
		<li test-id='352' class='node given pass' status='pass'>
			<div class="step-name" title="StepDefinitions.stepDefinitions.user_navigates_to_the_login_page()"><span class='status pass' title='pass'><i class='material-icons'>check_circle</i></span>Given User navigates to the login page</div>
			<div class="node-step"></div>
		</li>
		<li test-id='353' class='node then pass' status='pass'>
			<div class="step-name" title="StepDefinitions.stepDefinitions.enters_the_username_something_and_password_something_to_login(java.lang.String,java.lang.String)"><span class='status pass' title='pass'><i class='material-icons'>check_circle</i></span>Then Enters the username "tripsuser" and password "Passw0rd" to login</div>
			<div class="node-step"></div>
		</li>
		<li test-id='354' class='node and pass' status='pass'>
			<div class="step-name" title="StepDefinitions.stepDefinitions.clickOnDebtManagementInstallmentAgreementsCancelInstallmentAgreement()"><span class='status pass' title='pass'><i class='material-icons'>check_circle</i></span>And Click on debt management > Installment agreements > cancel installment agreement</div>
			<div class="node-step"></div>
		</li>
		<li test-id='355' class='node then pass' status='pass'>
			<div class="step-name" title="StepDefinitions.stepDefinitions.searchForCaseUsingTinAndAgreementNumber(java.lang.String,java.lang.String)"><span class='status pass' title='pass'><i class='material-icons'>check_circle</i></span>Then Search for case using tin "C0022970" and agreement number "IA000000052"</div>
			<div class="node-step"></div>
		</li>
		<li test-id='356' class='node then pass' status='pass'>
			<div class="step-name" title="StepDefinitions.stepDefinitions.enterCancellationReason(java.lang.String)"><span class='status pass' title='pass'><i class='material-icons'>check_circle</i></span>Then Enter cancellation reason "Breech of Compliance Rules (System compliance default)"</div>
			<div class="node-step"></div>
		</li>
		<li test-id='357' class='node then pass' status='pass'>
			<div class="step-name" title="StepDefinitions.stepDefinitions.enterCancellationDate()"><span class='status pass' title='pass'><i class='material-icons'>check_circle</i></span>Then Enter cancellation date</div>
			<div class="node-step"></div>
		</li>
		<li test-id='358' class='node then pass' status='pass'>
			<div class="step-name" title="StepDefinitions.stepDefinitions.enterCancellationNotes(java.lang.String)"><span class='status pass' title='pass'><i class='material-icons'>check_circle</i></span>Then Enter cancellation notes "Invalid"</div>
			<div class="node-step"></div>
		</li>
		<li test-id='359' class='node then pass' status='pass'>
			<div class="step-name" title="StepDefinitions.stepDefinitions.submitCancellation()"><span class='status pass' title='pass'><i class='material-icons'>check_circle</i></span>Then Submit cancellation</div>
			<div class="node-step"></div>
		</li>
		<li test-id='360' class='node then pass' status='pass'>
			<div class="step-name" title="StepDefinitions.stepDefinitions.verify_success_message(java.lang.String)"><span class='status pass' title='pass'><i class='material-icons'>check_circle</i></span>Then Verify success message "Instalment Agreement with reference no"</div>
			<div class="node-step"></div>
		</li>
	</ul>
</div>
<div class='scenario node' test-id='363' status='pass'>
	<div class='category-list'>
		<span class='category label'>@SUC:08-06</span>
		<span class='category label'>@UAT_M8-08-06-04</span>
		<span class='category label'>@backoffice</span>
	</div>
	<span class='duration right label'>0h 0m 27s+842ms</span>
	<div class="bdd-test">
		<div class="scenario-name"><span class='status pass' title='pass'><i class='material-icons'>check_circle</i></span> Scenario: UAT_M8-08-03-04-Verify the process of installment agreement Not found</div>
	</div>
	<ul class='steps'>
		<li test-id='366' class='node given pass' status='pass'>
			<div class="step-name" title="StepDefinitions.stepDefinitions.user_navigates_to_the_login_page()"><span class='status pass' title='pass'><i class='material-icons'>check_circle</i></span>Given User navigates to the login page</div>
			<div class="node-step"></div>
		</li>
		<li test-id='367' class='node then pass' status='pass'>
			<div class="step-name" title="StepDefinitions.stepDefinitions.enters_the_username_something_and_password_something_to_login(java.lang.String,java.lang.String)"><span class='status pass' title='pass'><i class='material-icons'>check_circle</i></span>Then Enters the username "tripsuser" and password "Passw0rd" to login</div>
			<div class="node-step"></div>
		</li>
		<li test-id='368' class='node and pass' status='pass'>
			<div class="step-name" title="StepDefinitions.stepDefinitions.clickOnDebtManagementInstallmentAgreementsCancelInstallmentAgreement()"><span class='status pass' title='pass'><i class='material-icons'>check_circle</i></span>And Click on debt management > Installment agreements > cancel installment agreement</div>
			<div class="node-step"></div>
		</li>
		<li test-id='369' class='node then pass' status='pass'>
			<div class="step-name" title="StepDefinitions.stepDefinitions.searchForCaseUsingTinAndAgreementNumber(java.lang.String,java.lang.String)"><span class='status pass' title='pass'><i class='material-icons'>check_circle</i></span>Then Search for case using tin "C002297066hj" and agreement number "IA00000004"</div>
			<div class="node-step"></div>
		</li>
		<li test-id='370' class='node then pass' status='pass'>
			<div class="step-name" title="StepDefinitions.stepDefinitions.verify_no_data_is_found_in_table()"><span class='status pass' title='pass'><i class='material-icons'>check_circle</i></span>Then Verify no data is found in table</div>
			<div class="node-step"></div>
		</li>
	</ul>
</div>
					</div>
				</li>
			</ul>
		</div>
	</div>
	<!-- subview left -->
	<div class='subview-right left'>
		<div class='view-summary'>
			<div id='step-filters' class="right sr-filters">
				<a class="btn-floating waves-effect waves-light green" status="pass" alt="pass" title="pass"><i class="material-icons">check_circle</i></a>
				<a class="btn-floating waves-effect waves-light red" status="fail" alt="fail" title="fail"><i class="material-icons">cancel</i></a>
				<a class="btn-floating waves-effect waves-light red darken-4" status="fatal" alt="fatal" title="fatal"><i class="material-icons">cancel</i></a>
				<a class="btn-floating waves-effect waves-light pink text-lighten-1" status="error" alt="error" title="error"><i class="material-icons">error</i></a>
				<a class="btn-floating waves-effect waves-light orange" alt="warning" status="warning" title="warning"><i class="material-icons">warning</i></a>
				<a class="btn-floating waves-effect waves-light teal" status="skip" alt="skip" title="skip"><i class="material-icons">redo</i></a>
				<a class="btn-floating waves-effect waves-light grey" status="clear" alt="Clear filters" title="Clear filters"><i class="material-icons">clear</i></a>
			</div>
			<h5 class='test-name'></h5>
		</div>
	</div>
	<!-- subview right -->
</div>
<!-- test view --><div id='category-view' class='view hide'>
	<section id='controls'>
		<div class='controls grey lighten-4'>
			<!-- search -->
			<div class='chip transparent' alt='Search Tests' title='Search Tests'>
				<a href="#" class='search-div'>
				<i class='material-icons'>search</i> Search
				</a>
				<div class='input-field left hide'>
					<input id='search-tests' type='text' class='validate browser-default' placeholder='Search Tests...'>
				</div>
			</div>
			<!-- search -->
		</div>
	</section>
	<div class='subview-left left'>
		<div class='view-summary'>
			<ul id='category-collection' class='category-collection'>
				<li class='category displayed active'>
					<div class='category-heading'>
						<span class='category-name'>@SUC:08-03</span>
						<span class='category-status right'>
						<span class='label pass'>3</span>
						<span class='label fail'>2</span>
						</span>
					</div>
					<div class='category-content hide'>
						<div class='category-status-counts'>
							<span status="pass" class='label green accent-4 white-text'>Passed: 3</span>
							<span status="fail" class='label red lighten-1 white-text'>Failed: 2</span>
							
						</div>
						<div class='category-tests'>
							<table class='bordered table-results'>
								<thead>
									<tr>
										<th>Timestamp</th>
										<th>TestName</th>
										<th>Status</th>
									</tr>
								</thead>
								<tbody>
									<tr>
										<td>Jun 15, 2021 04:09:18 PM</td>
										<td class='linked' test-id='2'>UAT_M8-08-03-02-Verify the process of add related documents-Verify the process of installment agreement-Organization</td>
										<td><span class='test-status pass'>pass</span></td>
									</tr>
									<tr>
										<td>Jun 15, 2021 04:12:08 PM</td>
										<td class='linked' test-id='46'>UAT_M8-08-03-03-Verify the process of installment agreement-Individual</td>
										<td><span class='test-status pass'>pass</span></td>
									</tr>
									<tr>
										<td>Jun 15, 2021 04:18:34 PM</td>
										<td class='linked' test-id='137'>UAT_M8-08-03-04-Verify the process of validation errors</td>
										<td><span class='test-status fail'>fail</span></td>
									</tr>
									<tr>
										<td>Jun 15, 2021 04:19:33 PM</td>
										<td class='linked' test-id='162'>UAT_M8-08-03-05-Verify the process taxpayer not found</td>
										<td><span class='test-status pass'>pass</span></td>
									</tr>
									<tr>
										<td>Jun 15, 2021 04:19:57 PM</td>
										<td class='linked' test-id='172'>UAT_M8-08-03-07-Verify the process of view related documents</td>
										<td><span class='test-status fail'>fail</span></td>
									</tr>
								</tbody>
							</table>
						</div>
					</div>
				</li>
				<li class='category displayed active'>
					<div class='category-heading'>
						<span class='category-name'>@SUC:08-04</span>
						<span class='category-status right'>
						<span class='label pass'>2</span>
						</span>
					</div>
					<div class='category-content hide'>
						<div class='category-status-counts'>
							<span status="pass" class='label green accent-4 white-text'>Passed: 2</span>
							
							
						</div>
						<div class='category-tests'>
							<table class='bordered table-results'>
								<thead>
									<tr>
										<th>Timestamp</th>
										<th>TestName</th>
										<th>Status</th>
									</tr>
								</thead>
								<tbody>
									<tr>
										<td>Jun 15, 2021 04:09:18 PM</td>
										<td class='linked' test-id='2'>UAT_M8-08-03-02-Verify the process of add related documents-Verify the process of installment agreement-Organization</td>
										<td><span class='test-status pass'>pass</span></td>
									</tr>
									<tr>
										<td>Jun 15, 2021 04:15:19 PM</td>
										<td class='linked' test-id='90'>UAT_M8-08-03-03-Verify the process of Reject installment agreement</td>
										<td><span class='test-status pass'>pass</span></td>
									</tr>
								</tbody>
							</table>
						</div>
					</div>
				</li>
				<li class='category displayed active'>
					<div class='category-heading'>
						<span class='category-name'>@UAT_M8-08-03-01</span>
						<span class='category-status right'>
						<span class='label pass'>1</span>
						</span>
					</div>
					<div class='category-content hide'>
						<div class='category-status-counts'>
							<span status="pass" class='label green accent-4 white-text'>Passed: 1</span>
							
							
						</div>
						<div class='category-tests'>
							<table class='bordered table-results'>
								<thead>
									<tr>
										<th>Timestamp</th>
										<th>TestName</th>
										<th>Status</th>
									</tr>
								</thead>
								<tbody>
									<tr>
										<td>Jun 15, 2021 04:09:18 PM</td>
										<td class='linked' test-id='2'>UAT_M8-08-03-02-Verify the process of add related documents-Verify the process of installment agreement-Organization</td>
										<td><span class='test-status pass'>pass</span></td>
									</tr>
								</tbody>
							</table>
						</div>
					</div>
				</li>
				<li class='category displayed active'>
					<div class='category-heading'>
						<span class='category-name'>@UAT_M8-08-03-02</span>
						<span class='category-status right'>
						<span class='label pass'>1</span>
						</span>
					</div>
					<div class='category-content hide'>
						<div class='category-status-counts'>
							<span status="pass" class='label green accent-4 white-text'>Passed: 1</span>
							
							
						</div>
						<div class='category-tests'>
							<table class='bordered table-results'>
								<thead>
									<tr>
										<th>Timestamp</th>
										<th>TestName</th>
										<th>Status</th>
									</tr>
								</thead>
								<tbody>
									<tr>
										<td>Jun 15, 2021 04:09:18 PM</td>
										<td class='linked' test-id='2'>UAT_M8-08-03-02-Verify the process of add related documents-Verify the process of installment agreement-Organization</td>
										<td><span class='test-status pass'>pass</span></td>
									</tr>
								</tbody>
							</table>
						</div>
					</div>
				</li>
				<li class='category displayed active'>
					<div class='category-heading'>
						<span class='category-name'>@UAT_M8-08-03-06</span>
						<span class='category-status right'>
						<span class='label pass'>1</span>
						</span>
					</div>
					<div class='category-content hide'>
						<div class='category-status-counts'>
							<span status="pass" class='label green accent-4 white-text'>Passed: 1</span>
							
							
						</div>
						<div class='category-tests'>
							<table class='bordered table-results'>
								<thead>
									<tr>
										<th>Timestamp</th>
										<th>TestName</th>
										<th>Status</th>
									</tr>
								</thead>
								<tbody>
									<tr>
										<td>Jun 15, 2021 04:09:18 PM</td>
										<td class='linked' test-id='2'>UAT_M8-08-03-02-Verify the process of add related documents-Verify the process of installment agreement-Organization</td>
										<td><span class='test-status pass'>pass</span></td>
									</tr>
								</tbody>
							</table>
						</div>
					</div>
				</li>
				<li class='category displayed active'>
					<div class='category-heading'>
						<span class='category-name'>@UAT_M8-08-04-01</span>
						<span class='category-status right'>
						<span class='label pass'>1</span>
						</span>
					</div>
					<div class='category-content hide'>
						<div class='category-status-counts'>
							<span status="pass" class='label green accent-4 white-text'>Passed: 1</span>
							
							
						</div>
						<div class='category-tests'>
							<table class='bordered table-results'>
								<thead>
									<tr>
										<th>Timestamp</th>
										<th>TestName</th>
										<th>Status</th>
									</tr>
								</thead>
								<tbody>
									<tr>
										<td>Jun 15, 2021 04:09:18 PM</td>
										<td class='linked' test-id='2'>UAT_M8-08-03-02-Verify the process of add related documents-Verify the process of installment agreement-Organization</td>
										<td><span class='test-status pass'>pass</span></td>
									</tr>
								</tbody>
							</table>
						</div>
					</div>
				</li>
				<li class='category displayed active'>
					<div class='category-heading'>
						<span class='category-name'>@UAT_M8-08-04-02</span>
						<span class='category-status right'>
						<span class='label pass'>1</span>
						</span>
					</div>
					<div class='category-content hide'>
						<div class='category-status-counts'>
							<span status="pass" class='label green accent-4 white-text'>Passed: 1</span>
							
							
						</div>
						<div class='category-tests'>
							<table class='bordered table-results'>
								<thead>
									<tr>
										<th>Timestamp</th>
										<th>TestName</th>
										<th>Status</th>
									</tr>
								</thead>
								<tbody>
									<tr>
										<td>Jun 15, 2021 04:09:18 PM</td>
										<td class='linked' test-id='2'>UAT_M8-08-03-02-Verify the process of add related documents-Verify the process of installment agreement-Organization</td>
										<td><span class='test-status pass'>pass</span></td>
									</tr>
								</tbody>
							</table>
						</div>
					</div>
				</li>
				<li class='category displayed active'>
					<div class='category-heading'>
						<span class='category-name'>@backoffice</span>
						<span class='category-status right'>
						<span class='label pass'>15</span>
						<span class='label fail'>2</span>
						</span>
					</div>
					<div class='category-content hide'>
						<div class='category-status-counts'>
							<span status="pass" class='label green accent-4 white-text'>Passed: 15</span>
							<span status="fail" class='label red lighten-1 white-text'>Failed: 2</span>
							
						</div>
						<div class='category-tests'>
							<table class='bordered table-results'>
								<thead>
									<tr>
										<th>Timestamp</th>
										<th>TestName</th>
										<th>Status</th>
									</tr>
								</thead>
								<tbody>
									<tr>
										<td>Jun 15, 2021 04:09:18 PM</td>
										<td class='linked' test-id='2'>UAT_M8-08-03-02-Verify the process of add related documents-Verify the process of installment agreement-Organization</td>
										<td><span class='test-status pass'>pass</span></td>
									</tr>
									<tr>
										<td>Jun 15, 2021 04:12:08 PM</td>
										<td class='linked' test-id='46'>UAT_M8-08-03-03-Verify the process of installment agreement-Individual</td>
										<td><span class='test-status pass'>pass</span></td>
									</tr>
									<tr>
										<td>Jun 15, 2021 04:15:19 PM</td>
										<td class='linked' test-id='90'>UAT_M8-08-03-03-Verify the process of Reject installment agreement</td>
										<td><span class='test-status pass'>pass</span></td>
									</tr>
									<tr>
										<td>Jun 15, 2021 04:18:34 PM</td>
										<td class='linked' test-id='137'>UAT_M8-08-03-04-Verify the process of validation errors</td>
										<td><span class='test-status fail'>fail</span></td>
									</tr>
									<tr>
										<td>Jun 15, 2021 04:19:33 PM</td>
										<td class='linked' test-id='162'>UAT_M8-08-03-05-Verify the process taxpayer not found</td>
										<td><span class='test-status pass'>pass</span></td>
									</tr>
									<tr>
										<td>Jun 15, 2021 04:19:57 PM</td>
										<td class='linked' test-id='172'>UAT_M8-08-03-07-Verify the process of view related documents</td>
										<td><span class='test-status fail'>fail</span></td>
									</tr>
									<tr>
										<td>Jun 15, 2021 04:21:21 PM</td>
										<td class='linked' test-id='208'>UAT_M8-08-07-01-Verify the process of print Report-Aged Arreas Analysis report</td>
										<td><span class='test-status pass'>pass</span></td>
									</tr>
									<tr>
										<td>Jun 15, 2021 04:22:26 PM</td>
										<td class='linked' test-id='224'>UAT_M8-08-07-02-Verify the process of print Debt-recovery report</td>
										<td><span class='test-status pass'>pass</span></td>
									</tr>
									<tr>
										<td>Jun 15, 2021 04:23:23 PM</td>
										<td class='linked' test-id='242'>UAT_M8-08-07-03-Verify the process of installment agreement summary report</td>
										<td><span class='test-status pass'>pass</span></td>
									</tr>
									<tr>
										<td>Jun 15, 2021 04:24:34 PM</td>
										<td class='linked' test-id='260'>UAT_M8-08-07-04-Verify the process of taxpayer debt report</td>
										<td><span class='test-status pass'>pass</span></td>
									</tr>
									<tr>
										<td>Jun 15, 2021 04:25:35 PM</td>
										<td class='linked' test-id='277'>UAT_M8-08-07-05-Verify the process of write off report</td>
										<td><span class='test-status pass'>pass</span></td>
									</tr>
									<tr>
										<td>Jun 15, 2021 04:26:29 PM</td>
										<td class='linked' test-id='296'>UAT_M8-08-07-06-Verify the process of validation errors</td>
										<td><span class='test-status pass'>pass</span></td>
									</tr>
									<tr>
										<td>Jun 15, 2021 04:26:58 PM</td>
										<td class='linked' test-id='311'>UAT_M8-08-07-07-Verify the process of abandon report</td>
										<td><span class='test-status pass'>pass</span></td>
									</tr>
									<tr>
										<td>Jun 15, 2021 04:27:27 PM</td>
										<td class='linked' test-id='325'>UAT_M8-08-03-05-Verify the process of abandon cancel</td>
										<td><span class='test-status pass'>pass</span></td>
									</tr>
									<tr>
										<td>Jun 15, 2021 04:28:08 PM</td>
										<td class='linked' test-id='339'>UAT_M8-08-03-06-Verify the process of view installment agreement</td>
										<td><span class='test-status pass'>pass</span></td>
									</tr>
									<tr>
										<td>Jun 15, 2021 04:28:32 PM</td>
										<td class='linked' test-id='349'>UAT_M8-08-03-02-Verify the process of cancel installment agreement</td>
										<td><span class='test-status pass'>pass</span></td>
									</tr>
									<tr>
										<td>Jun 15, 2021 04:29:08 PM</td>
										<td class='linked' test-id='363'>UAT_M8-08-03-04-Verify the process of installment agreement Not found</td>
										<td><span class='test-status pass'>pass</span></td>
									</tr>
								</tbody>
							</table>
						</div>
					</div>
				</li>
				<li class='category displayed active'>
					<div class='category-heading'>
						<span class='category-name'>@UAT_M8-08-03-03</span>
						<span class='category-status right'>
						<span class='label pass'>1</span>
						</span>
					</div>
					<div class='category-content hide'>
						<div class='category-status-counts'>
							<span status="pass" class='label green accent-4 white-text'>Passed: 1</span>
							
							
						</div>
						<div class='category-tests'>
							<table class='bordered table-results'>
								<thead>
									<tr>
										<th>Timestamp</th>
										<th>TestName</th>
										<th>Status</th>
									</tr>
								</thead>
								<tbody>
									<tr>
										<td>Jun 15, 2021 04:12:08 PM</td>
										<td class='linked' test-id='46'>UAT_M8-08-03-03-Verify the process of installment agreement-Individual</td>
										<td><span class='test-status pass'>pass</span></td>
									</tr>
								</tbody>
							</table>
						</div>
					</div>
				</li>
				<li class='category displayed active'>
					<div class='category-heading'>
						<span class='category-name'>@UAT_M8-08-04-03</span>
						<span class='category-status right'>
						<span class='label pass'>1</span>
						</span>
					</div>
					<div class='category-content hide'>
						<div class='category-status-counts'>
							<span status="pass" class='label green accent-4 white-text'>Passed: 1</span>
							
							
						</div>
						<div class='category-tests'>
							<table class='bordered table-results'>
								<thead>
									<tr>
										<th>Timestamp</th>
										<th>TestName</th>
										<th>Status</th>
									</tr>
								</thead>
								<tbody>
									<tr>
										<td>Jun 15, 2021 04:15:19 PM</td>
										<td class='linked' test-id='90'>UAT_M8-08-03-03-Verify the process of Reject installment agreement</td>
										<td><span class='test-status pass'>pass</span></td>
									</tr>
								</tbody>
							</table>
						</div>
					</div>
				</li>
				<li class='category displayed active'>
					<div class='category-heading'>
						<span class='category-name'>@UAT_M8-08-03-04</span>
						<span class='category-status right'>
						<span class='label fail'>1</span>
						</span>
					</div>
					<div class='category-content hide'>
						<div class='category-status-counts'>
							
							<span status="fail" class='label red lighten-1 white-text'>Failed: 1</span>
							
						</div>
						<div class='category-tests'>
							<table class='bordered table-results'>
								<thead>
									<tr>
										<th>Timestamp</th>
										<th>TestName</th>
										<th>Status</th>
									</tr>
								</thead>
								<tbody>
									<tr>
										<td>Jun 15, 2021 04:18:34 PM</td>
										<td class='linked' test-id='137'>UAT_M8-08-03-04-Verify the process of validation errors</td>
										<td><span class='test-status fail'>fail</span></td>
									</tr>
								</tbody>
							</table>
						</div>
					</div>
				</li>
				<li class='category displayed active'>
					<div class='category-heading'>
						<span class='category-name'>@UAT_M8-08-03-05</span>
						<span class='category-status right'>
						<span class='label pass'>1</span>
						</span>
					</div>
					<div class='category-content hide'>
						<div class='category-status-counts'>
							<span status="pass" class='label green accent-4 white-text'>Passed: 1</span>
							
							
						</div>
						<div class='category-tests'>
							<table class='bordered table-results'>
								<thead>
									<tr>
										<th>Timestamp</th>
										<th>TestName</th>
										<th>Status</th>
									</tr>
								</thead>
								<tbody>
									<tr>
										<td>Jun 15, 2021 04:19:33 PM</td>
										<td class='linked' test-id='162'>UAT_M8-08-03-05-Verify the process taxpayer not found</td>
										<td><span class='test-status pass'>pass</span></td>
									</tr>
								</tbody>
							</table>
						</div>
					</div>
				</li>
				<li class='category displayed active'>
					<div class='category-heading'>
						<span class='category-name'>@UAT_M8-08-03-07</span>
						<span class='category-status right'>
						<span class='label fail'>1</span>
						</span>
					</div>
					<div class='category-content hide'>
						<div class='category-status-counts'>
							
							<span status="fail" class='label red lighten-1 white-text'>Failed: 1</span>
							
						</div>
						<div class='category-tests'>
							<table class='bordered table-results'>
								<thead>
									<tr>
										<th>Timestamp</th>
										<th>TestName</th>
										<th>Status</th>
									</tr>
								</thead>
								<tbody>
									<tr>
										<td>Jun 15, 2021 04:19:57 PM</td>
										<td class='linked' test-id='172'>UAT_M8-08-03-07-Verify the process of view related documents</td>
										<td><span class='test-status fail'>fail</span></td>
									</tr>
								</tbody>
							</table>
						</div>
					</div>
				</li>
				<li class='category displayed active'>
					<div class='category-heading'>
						<span class='category-name'>@SUC:08-07</span>
						<span class='category-status right'>
						<span class='label pass'>7</span>
						</span>
					</div>
					<div class='category-content hide'>
						<div class='category-status-counts'>
							<span status="pass" class='label green accent-4 white-text'>Passed: 7</span>
							
							
						</div>
						<div class='category-tests'>
							<table class='bordered table-results'>
								<thead>
									<tr>
										<th>Timestamp</th>
										<th>TestName</th>
										<th>Status</th>
									</tr>
								</thead>
								<tbody>
									<tr>
										<td>Jun 15, 2021 04:21:21 PM</td>
										<td class='linked' test-id='208'>UAT_M8-08-07-01-Verify the process of print Report-Aged Arreas Analysis report</td>
										<td><span class='test-status pass'>pass</span></td>
									</tr>
									<tr>
										<td>Jun 15, 2021 04:22:26 PM</td>
										<td class='linked' test-id='224'>UAT_M8-08-07-02-Verify the process of print Debt-recovery report</td>
										<td><span class='test-status pass'>pass</span></td>
									</tr>
									<tr>
										<td>Jun 15, 2021 04:23:23 PM</td>
										<td class='linked' test-id='242'>UAT_M8-08-07-03-Verify the process of installment agreement summary report</td>
										<td><span class='test-status pass'>pass</span></td>
									</tr>
									<tr>
										<td>Jun 15, 2021 04:24:34 PM</td>
										<td class='linked' test-id='260'>UAT_M8-08-07-04-Verify the process of taxpayer debt report</td>
										<td><span class='test-status pass'>pass</span></td>
									</tr>
									<tr>
										<td>Jun 15, 2021 04:25:35 PM</td>
										<td class='linked' test-id='277'>UAT_M8-08-07-05-Verify the process of write off report</td>
										<td><span class='test-status pass'>pass</span></td>
									</tr>
									<tr>
										<td>Jun 15, 2021 04:26:29 PM</td>
										<td class='linked' test-id='296'>UAT_M8-08-07-06-Verify the process of validation errors</td>
										<td><span class='test-status pass'>pass</span></td>
									</tr>
									<tr>
										<td>Jun 15, 2021 04:26:58 PM</td>
										<td class='linked' test-id='311'>UAT_M8-08-07-07-Verify the process of abandon report</td>
										<td><span class='test-status pass'>pass</span></td>
									</tr>
								</tbody>
							</table>
						</div>
					</div>
				</li>
				<li class='category displayed active'>
					<div class='category-heading'>
						<span class='category-name'>@UAT_M8-08-07-01</span>
						<span class='category-status right'>
						<span class='label pass'>1</span>
						</span>
					</div>
					<div class='category-content hide'>
						<div class='category-status-counts'>
							<span status="pass" class='label green accent-4 white-text'>Passed: 1</span>
							
							
						</div>
						<div class='category-tests'>
							<table class='bordered table-results'>
								<thead>
									<tr>
										<th>Timestamp</th>
										<th>TestName</th>
										<th>Status</th>
									</tr>
								</thead>
								<tbody>
									<tr>
										<td>Jun 15, 2021 04:21:21 PM</td>
										<td class='linked' test-id='208'>UAT_M8-08-07-01-Verify the process of print Report-Aged Arreas Analysis report</td>
										<td><span class='test-status pass'>pass</span></td>
									</tr>
								</tbody>
							</table>
						</div>
					</div>
				</li>
				<li class='category displayed active'>
					<div class='category-heading'>
						<span class='category-name'>@UAT_M8-08-07-02</span>
						<span class='category-status right'>
						<span class='label pass'>1</span>
						</span>
					</div>
					<div class='category-content hide'>
						<div class='category-status-counts'>
							<span status="pass" class='label green accent-4 white-text'>Passed: 1</span>
							
							
						</div>
						<div class='category-tests'>
							<table class='bordered table-results'>
								<thead>
									<tr>
										<th>Timestamp</th>
										<th>TestName</th>
										<th>Status</th>
									</tr>
								</thead>
								<tbody>
									<tr>
										<td>Jun 15, 2021 04:22:26 PM</td>
										<td class='linked' test-id='224'>UAT_M8-08-07-02-Verify the process of print Debt-recovery report</td>
										<td><span class='test-status pass'>pass</span></td>
									</tr>
								</tbody>
							</table>
						</div>
					</div>
				</li>
				<li class='category displayed active'>
					<div class='category-heading'>
						<span class='category-name'>@UAT_M8-08-07-03</span>
						<span class='category-status right'>
						<span class='label pass'>1</span>
						</span>
					</div>
					<div class='category-content hide'>
						<div class='category-status-counts'>
							<span status="pass" class='label green accent-4 white-text'>Passed: 1</span>
							
							
						</div>
						<div class='category-tests'>
							<table class='bordered table-results'>
								<thead>
									<tr>
										<th>Timestamp</th>
										<th>TestName</th>
										<th>Status</th>
									</tr>
								</thead>
								<tbody>
									<tr>
										<td>Jun 15, 2021 04:23:23 PM</td>
										<td class='linked' test-id='242'>UAT_M8-08-07-03-Verify the process of installment agreement summary report</td>
										<td><span class='test-status pass'>pass</span></td>
									</tr>
								</tbody>
							</table>
						</div>
					</div>
				</li>
				<li class='category displayed active'>
					<div class='category-heading'>
						<span class='category-name'>@UAT_M8-08-07-04</span>
						<span class='category-status right'>
						<span class='label pass'>1</span>
						</span>
					</div>
					<div class='category-content hide'>
						<div class='category-status-counts'>
							<span status="pass" class='label green accent-4 white-text'>Passed: 1</span>
							
							
						</div>
						<div class='category-tests'>
							<table class='bordered table-results'>
								<thead>
									<tr>
										<th>Timestamp</th>
										<th>TestName</th>
										<th>Status</th>
									</tr>
								</thead>
								<tbody>
									<tr>
										<td>Jun 15, 2021 04:24:34 PM</td>
										<td class='linked' test-id='260'>UAT_M8-08-07-04-Verify the process of taxpayer debt report</td>
										<td><span class='test-status pass'>pass</span></td>
									</tr>
								</tbody>
							</table>
						</div>
					</div>
				</li>
				<li class='category displayed active'>
					<div class='category-heading'>
						<span class='category-name'>@UAT_M8-08-07-05</span>
						<span class='category-status right'>
						<span class='label pass'>1</span>
						</span>
					</div>
					<div class='category-content hide'>
						<div class='category-status-counts'>
							<span status="pass" class='label green accent-4 white-text'>Passed: 1</span>
							
							
						</div>
						<div class='category-tests'>
							<table class='bordered table-results'>
								<thead>
									<tr>
										<th>Timestamp</th>
										<th>TestName</th>
										<th>Status</th>
									</tr>
								</thead>
								<tbody>
									<tr>
										<td>Jun 15, 2021 04:25:35 PM</td>
										<td class='linked' test-id='277'>UAT_M8-08-07-05-Verify the process of write off report</td>
										<td><span class='test-status pass'>pass</span></td>
									</tr>
								</tbody>
							</table>
						</div>
					</div>
				</li>
				<li class='category displayed active'>
					<div class='category-heading'>
						<span class='category-name'>@UAT_M8-08-07-06</span>
						<span class='category-status right'>
						<span class='label pass'>1</span>
						</span>
					</div>
					<div class='category-content hide'>
						<div class='category-status-counts'>
							<span status="pass" class='label green accent-4 white-text'>Passed: 1</span>
							
							
						</div>
						<div class='category-tests'>
							<table class='bordered table-results'>
								<thead>
									<tr>
										<th>Timestamp</th>
										<th>TestName</th>
										<th>Status</th>
									</tr>
								</thead>
								<tbody>
									<tr>
										<td>Jun 15, 2021 04:26:29 PM</td>
										<td class='linked' test-id='296'>UAT_M8-08-07-06-Verify the process of validation errors</td>
										<td><span class='test-status pass'>pass</span></td>
									</tr>
								</tbody>
							</table>
						</div>
					</div>
				</li>
				<li class='category displayed active'>
					<div class='category-heading'>
						<span class='category-name'>@UAT_M8-08-07-07</span>
						<span class='category-status right'>
						<span class='label pass'>1</span>
						</span>
					</div>
					<div class='category-content hide'>
						<div class='category-status-counts'>
							<span status="pass" class='label green accent-4 white-text'>Passed: 1</span>
							
							
						</div>
						<div class='category-tests'>
							<table class='bordered table-results'>
								<thead>
									<tr>
										<th>Timestamp</th>
										<th>TestName</th>
										<th>Status</th>
									</tr>
								</thead>
								<tbody>
									<tr>
										<td>Jun 15, 2021 04:26:58 PM</td>
										<td class='linked' test-id='311'>UAT_M8-08-07-07-Verify the process of abandon report</td>
										<td><span class='test-status pass'>pass</span></td>
									</tr>
								</tbody>
							</table>
						</div>
					</div>
				</li>
				<li class='category displayed active'>
					<div class='category-heading'>
						<span class='category-name'>@SUC:08-06</span>
						<span class='category-status right'>
						<span class='label pass'>4</span>
						</span>
					</div>
					<div class='category-content hide'>
						<div class='category-status-counts'>
							<span status="pass" class='label green accent-4 white-text'>Passed: 4</span>
							
							
						</div>
						<div class='category-tests'>
							<table class='bordered table-results'>
								<thead>
									<tr>
										<th>Timestamp</th>
										<th>TestName</th>
										<th>Status</th>
									</tr>
								</thead>
								<tbody>
									<tr>
										<td>Jun 15, 2021 04:27:27 PM</td>
										<td class='linked' test-id='325'>UAT_M8-08-03-05-Verify the process of abandon cancel</td>
										<td><span class='test-status pass'>pass</span></td>
									</tr>
									<tr>
										<td>Jun 15, 2021 04:28:08 PM</td>
										<td class='linked' test-id='339'>UAT_M8-08-03-06-Verify the process of view installment agreement</td>
										<td><span class='test-status pass'>pass</span></td>
									</tr>
									<tr>
										<td>Jun 15, 2021 04:28:32 PM</td>
										<td class='linked' test-id='349'>UAT_M8-08-03-02-Verify the process of cancel installment agreement</td>
										<td><span class='test-status pass'>pass</span></td>
									</tr>
									<tr>
										<td>Jun 15, 2021 04:29:08 PM</td>
										<td class='linked' test-id='363'>UAT_M8-08-03-04-Verify the process of installment agreement Not found</td>
										<td><span class='test-status pass'>pass</span></td>
									</tr>
								</tbody>
							</table>
						</div>
					</div>
				</li>
				<li class='category displayed active'>
					<div class='category-heading'>
						<span class='category-name'>@UAT_M8-08-06-05</span>
						<span class='category-status right'>
						<span class='label pass'>1</span>
						</span>
					</div>
					<div class='category-content hide'>
						<div class='category-status-counts'>
							<span status="pass" class='label green accent-4 white-text'>Passed: 1</span>
							
							
						</div>
						<div class='category-tests'>
							<table class='bordered table-results'>
								<thead>
									<tr>
										<th>Timestamp</th>
										<th>TestName</th>
										<th>Status</th>
									</tr>
								</thead>
								<tbody>
									<tr>
										<td>Jun 15, 2021 04:27:27 PM</td>
										<td class='linked' test-id='325'>UAT_M8-08-03-05-Verify the process of abandon cancel</td>
										<td><span class='test-status pass'>pass</span></td>
									</tr>
								</tbody>
							</table>
						</div>
					</div>
				</li>
				<li class='category displayed active'>
					<div class='category-heading'>
						<span class='category-name'>@UAT_M8-08-06-06</span>
						<span class='category-status right'>
						<span class='label pass'>1</span>
						</span>
					</div>
					<div class='category-content hide'>
						<div class='category-status-counts'>
							<span status="pass" class='label green accent-4 white-text'>Passed: 1</span>
							
							
						</div>
						<div class='category-tests'>
							<table class='bordered table-results'>
								<thead>
									<tr>
										<th>Timestamp</th>
										<th>TestName</th>
										<th>Status</th>
									</tr>
								</thead>
								<tbody>
									<tr>
										<td>Jun 15, 2021 04:28:08 PM</td>
										<td class='linked' test-id='339'>UAT_M8-08-03-06-Verify the process of view installment agreement</td>
										<td><span class='test-status pass'>pass</span></td>
									</tr>
								</tbody>
							</table>
						</div>
					</div>
				</li>
				<li class='category displayed active'>
					<div class='category-heading'>
						<span class='category-name'>@UAT_M8-08-06-02</span>
						<span class='category-status right'>
						<span class='label pass'>1</span>
						</span>
					</div>
					<div class='category-content hide'>
						<div class='category-status-counts'>
							<span status="pass" class='label green accent-4 white-text'>Passed: 1</span>
							
							
						</div>
						<div class='category-tests'>
							<table class='bordered table-results'>
								<thead>
									<tr>
										<th>Timestamp</th>
										<th>TestName</th>
										<th>Status</th>
									</tr>
								</thead>
								<tbody>
									<tr>
										<td>Jun 15, 2021 04:28:32 PM</td>
										<td class='linked' test-id='349'>UAT_M8-08-03-02-Verify the process of cancel installment agreement</td>
										<td><span class='test-status pass'>pass</span></td>
									</tr>
								</tbody>
							</table>
						</div>
					</div>
				</li>
				<li class='category displayed active'>
					<div class='category-heading'>
						<span class='category-name'>@UAT_M8-08-06-04</span>
						<span class='category-status right'>
						<span class='label pass'>1</span>
						</span>
					</div>
					<div class='category-content hide'>
						<div class='category-status-counts'>
							<span status="pass" class='label green accent-4 white-text'>Passed: 1</span>
							
							
						</div>
						<div class='category-tests'>
							<table class='bordered table-results'>
								<thead>
									<tr>
										<th>Timestamp</th>
										<th>TestName</th>
										<th>Status</th>
									</tr>
								</thead>
								<tbody>
									<tr>
										<td>Jun 15, 2021 04:29:08 PM</td>
										<td class='linked' test-id='363'>UAT_M8-08-03-04-Verify the process of installment agreement Not found</td>
										<td><span class='test-status pass'>pass</span></td>
									</tr>
								</tbody>
							</table>
						</div>
					</div>
				</li>
			</ul>
		</div>
	</div>
	<div class='subview-right left'>
		<div class='view-summary'>
			<h5 class='category-name'></h5>
		</div>
	</div>
</div>
<!-- category view --><div id='exception-view' class='view hide'>
	<section id='controls'>
		<div class='controls grey lighten-4'>
			<!-- search -->
			<div class='chip transparent' alt='Search Tests' title='Search Tests'>
				<a href="#" class='search-div'>
				<i class='material-icons'>search</i> Search
				</a>
				<div class='input-field left hide'>
					<input id='search-tests' type='text' class='validate browser-default' placeholder='Search Tests...'>
				</div>
			</div>
			<!-- search -->
		</div>
	</section>
	<div class='subview-left left'>
		<div class='view-summary'>
			<ul id='exception-collection' class='exception-collection'>
				<li class='exception displayed active'>
					<div class='exception-heading'>
						<span class='exception-name'>org.openqa.selenium.ElementClickInterceptedException</span>
						<span class='exception-count right'><span class='label red lighten-1 white-text'>1</span></span>
					</div>
					<div class='exception-content hide'>
						<div class='exception-tests'>
							<table class='bordered table-results'>
								<thead>
									<tr>
										<th>Timestamp</th>
										<th>TestName</th>
										<th>Status</th>
									</tr>
								</thead>
								<tbody>
									<tr>
										<td>Jun 15, 2021 04:19:26 PM</td>
										<td class='linked' test-id='153'>Then Click save to submit installment agreement</td>
										<td>
											<textarea disabled class="code-block">org.openqa.selenium.ElementClickInterceptedException: element click intercepted: Element <button id="InstalmentAgreement:Save" name="InstalmentAgreement:Save" class="ui-button ui-widget ui-state-default ui-corner-all ui-button-text-only btn-orange" onclick="PrimeFaces.ab({s:&quot;InstalmentAgreement:Save&quot;,u:&quot;InstalmentAgreement:growl&quot;});return false;" type="submit" role="button" aria-disabled="false">...</button> is not clickable at point (1629, 909). Other element would receive the click: <div id="InstalmentAgreement:outstandingDebtsTable:AddOutstandingDebt_dlg_modal" class="ui-widget-overlay ui-dialog-mask" style="z-index: 1002;"></div>
  (Session info: chrome=91.0.4472.101)
Build info: version: '3.141.59', revision: 'e82be7d358', time: '2018-11-14T08:17:03'
System info: host: 'DESKTOP-1PQR32V', ip: '172.16.16.21', os.name: 'Windows 10', os.arch: 'amd64', os.version: '10.0', java.version: '16.0.1'
Driver info: org.openqa.selenium.chrome.ChromeDriver
Capabilities {acceptInsecureCerts: false, browserName: chrome, browserVersion: 91.0.4472.101, chrome: {chromedriverVersion: 91.0.4472.19 (1bf021f248676..., userDataDir: C:\Users\maxma\AppData\Loca...}, goog:chromeOptions: {debuggerAddress: localhost:52806}, javascriptEnabled: true, networkConnectionEnabled: false, pageLoadStrategy: normal, platform: WINDOWS, platformName: WINDOWS, proxy: Proxy(), setWindowRect: true, strictFileInteractability: false, timeouts: {implicit: 0, pageLoad: 300000, script: 30000}, unhandledPromptBehavior: dismiss and notify, webauthn:extension:largeBlob: true, webauthn:virtualAuthenticators: true}
Session ID: 388daed2fda904ad49d16dfdb69edc70
	at java.base/jdk.internal.reflect.NativeConstructorAccessorImpl.newInstance0(Native Method)
	at java.base/jdk.internal.reflect.NativeConstructorAccessorImpl.newInstance(NativeConstructorAccessorImpl.java:78)
	at java.base/jdk.internal.reflect.DelegatingConstructorAccessorImpl.newInstance(DelegatingConstructorAccessorImpl.java:45)
	at java.base/java.lang.reflect.Constructor.newInstanceWithCaller(Constructor.java:499)
	at java.base/java.lang.reflect.Constructor.newInstance(Constructor.java:480)
	at org.openqa.selenium.remote.http.W3CHttpResponseCodec.createException(W3CHttpResponseCodec.java:187)
	at org.openqa.selenium.remote.http.W3CHttpResponseCodec.decode(W3CHttpResponseCodec.java:122)
	at org.openqa.selenium.remote.http.W3CHttpResponseCodec.decode(W3CHttpResponseCodec.java:49)
	at org.openqa.selenium.remote.HttpCommandExecutor.execute(HttpCommandExecutor.java:158)
	at org.openqa.selenium.remote.service.DriverCommandExecutor.execute(DriverCommandExecutor.java:83)
	at org.openqa.selenium.remote.RemoteWebDriver.execute(RemoteWebDriver.java:552)
	at org.openqa.selenium.remote.RemoteWebElement.execute(RemoteWebElement.java:285)
	at org.openqa.selenium.remote.RemoteWebElement.click(RemoteWebElement.java:84)
	at StepDefinitions.stepDefinitions.clickSaveToSubmitInstallmentAgreement(stepDefinitions.java:899)
	at .Click save to submit installment agreement(file:///I:/work/TBL-MRA-DEBT/src/test/resources/FeatureFiles/CreateInstallmentAgreements.feature:145)
</textarea>
										</td>
									</tr>
								</tbody>
							</table>
						</div>
					</div>
				</li>
				<li class='exception displayed active'>
					<div class='exception-heading'>
						<span class='exception-name'>org.openqa.selenium.TimeoutException</span>
						<span class='exception-count right'><span class='label red lighten-1 white-text'>1</span></span>
					</div>
					<div class='exception-content hide'>
						<div class='exception-tests'>
							<table class='bordered table-results'>
								<thead>
									<tr>
										<th>Timestamp</th>
										<th>TestName</th>
										<th>Status</th>
									</tr>
								</thead>
								<tbody>
									<tr>
										<td>Jun 15, 2021 04:21:14 PM</td>
										<td class='linked' test-id='202'>Then Click cancel to return to create installment screen</td>
										<td>
											<textarea disabled class="code-block">org.openqa.selenium.TimeoutException: Expected condition failed: waiting for visibility of element located by By.id: ReturnsLodgement:Cancel (tried for 5 second(s) with 500 milliseconds interval)
	at org.openqa.selenium.support.ui.WebDriverWait.timeoutException(WebDriverWait.java:95)
	at org.openqa.selenium.support.ui.FluentWait.until(FluentWait.java:272)
	at StepDefinitions.stepDefinitions.clickCancelToReturnToCreateInstallmentScreen(stepDefinitions.java:986)
	at .Click cancel to return to create installment screen(file:///I:/work/TBL-MRA-DEBT/src/test/resources/FeatureFiles/CreateInstallmentAgreements.feature:188)
Caused by: org.openqa.selenium.NoSuchElementException: no such element: Unable to locate element: {"method":"css selector","selector":"#ReturnsLodgement\:Cancel"}
  (Session info: chrome=91.0.4472.101)
For documentation on this error, please visit: https://www.seleniumhq.org/exceptions/no_such_element.html
Build info: version: '3.141.59', revision: 'e82be7d358', time: '2018-11-14T08:17:03'
System info: host: 'DESKTOP-1PQR32V', ip: '172.16.16.21', os.name: 'Windows 10', os.arch: 'amd64', os.version: '10.0', java.version: '16.0.1'
Driver info: org.openqa.selenium.chrome.ChromeDriver
Capabilities {acceptInsecureCerts: false, browserName: chrome, browserVersion: 91.0.4472.101, chrome: {chromedriverVersion: 91.0.4472.19 (1bf021f248676..., userDataDir: C:\Users\maxma\AppData\Loca...}, goog:chromeOptions: {debuggerAddress: localhost:61428}, javascriptEnabled: true, networkConnectionEnabled: false, pageLoadStrategy: normal, platform: WINDOWS, platformName: WINDOWS, proxy: Proxy(), setWindowRect: true, strictFileInteractability: false, timeouts: {implicit: 0, pageLoad: 300000, script: 30000}, unhandledPromptBehavior: dismiss and notify, webauthn:extension:largeBlob: true, webauthn:virtualAuthenticators: true}
Session ID: 369aa93cfeba7e88950624bfa7b53f11
*** Element info: {Using=id, value=ReturnsLodgement:Cancel}
	at jdk.internal.reflect.GeneratedConstructorAccessor12.newInstance(Unknown Source)
	at java.base/jdk.internal.reflect.DelegatingConstructorAccessorImpl.newInstance(DelegatingConstructorAccessorImpl.java:45)
	at java.base/java.lang.reflect.Constructor.newInstanceWithCaller(Constructor.java:499)
	at java.base/java.lang.reflect.Constructor.newInstance(Constructor.java:480)
	at org.openqa.selenium.remote.http.W3CHttpResponseCodec.createException(W3CHttpResponseCodec.java:187)
	at org.openqa.selenium.remote.http.W3CHttpResponseCodec.decode(W3CHttpResponseCodec.java:122)
	at org.openqa.selenium.remote.http.W3CHttpResponseCodec.decode(W3CHttpResponseCodec.java:49)
	at org.openqa.selenium.remote.HttpCommandExecutor.execute(HttpCommandExecutor.java:158)
	at org.openqa.selenium.remote.service.DriverCommandExecutor.execute(DriverCommandExecutor.java:83)
	at org.openqa.selenium.remote.RemoteWebDriver.execute(RemoteWebDriver.java:552)
	at org.openqa.selenium.remote.RemoteWebDriver.findElement(RemoteWebDriver.java:323)
	at org.openqa.selenium.remote.RemoteWebDriver.findElementById(RemoteWebDriver.java:372)
	at org.openqa.selenium.By$ById.findElement(By.java:188)
	at org.openqa.selenium.remote.RemoteWebDriver.findElement(RemoteWebDriver.java:315)
	at org.openqa.selenium.support.ui.ExpectedConditions$7.apply(ExpectedConditions.java:205)
	at org.openqa.selenium.support.ui.ExpectedConditions$7.apply(ExpectedConditions.java:201)
	at org.openqa.selenium.support.ui.FluentWait.until(FluentWait.java:249)
	at StepDefinitions.stepDefinitions.clickCancelToReturnToCreateInstallmentScreen(stepDefinitions.java:986)
	at java.base/jdk.internal.reflect.NativeMethodAccessorImpl.invoke0(Native Method)
	at java.base/jdk.internal.reflect.NativeMethodAccessorImpl.invoke(NativeMethodAccessorImpl.java:78)
	at java.base/jdk.internal.reflect.DelegatingMethodAccessorImpl.invoke(DelegatingMethodAccessorImpl.java:43)
	at java.base/java.lang.reflect.Method.invoke(Method.java:567)
	at io.cucumber.java.Invoker.doInvoke(Invoker.java:66)
	at io.cucumber.java.Invoker.invoke(Invoker.java:24)
	at io.cucumber.java.AbstractGlueDefinition.invokeMethod(AbstractGlueDefinition.java:44)
	at io.cucumber.java.JavaStepDefinition.execute(JavaStepDefinition.java:29)
	at io.cucumber.core.runner.CoreStepDefinition.execute(CoreStepDefinition.java:64)
	at io.cucumber.core.runner.PickleStepDefinitionMatch.runStep(PickleStepDefinitionMatch.java:63)
	at io.cucumber.core.runner.TestStep.executeStep(TestStep.java:92)
	at io.cucumber.core.runner.TestStep.run(TestStep.java:63)
	at io.cucumber.core.runner.PickleStepTestStep.run(PickleStepTestStep.java:49)
	at io.cucumber.core.runner.TestCase.run(TestCase.java:99)
	at io.cucumber.core.runner.Runner.runPickle(Runner.java:71)
	at io.cucumber.junit.PickleRunners$NoStepDescriptions.run(PickleRunners.java:140)
	at io.cucumber.junit.FeatureRunner.runChild(FeatureRunner.java:118)
	at io.cucumber.junit.FeatureRunner.runChild(FeatureRunner.java:24)
	at org.junit.runners.ParentRunner$3.run(ParentRunner.java:238)
	at org.junit.runners.ParentRunner$1.schedule(ParentRunner.java:63)
	at org.junit.runners.ParentRunner.runChildren(ParentRunner.java:236)
	at org.junit.runners.ParentRunner.access$000(ParentRunner.java:53)
	at org.junit.runners.ParentRunner$2.evaluate(ParentRunner.java:229)
	at org.junit.runners.ParentRunner.run(ParentRunner.java:309)
	at io.cucumber.junit.Cucumber.runChild(Cucumber.java:192)
	at io.cucumber.junit.Cucumber.runChild(Cucumber.java:88)
	at org.junit.runners.ParentRunner$3.run(ParentRunner.java:238)
	at org.junit.runners.ParentRunner$1.schedule(ParentRunner.java:63)
	at org.junit.runners.ParentRunner.runChildren(ParentRunner.java:236)
	at org.junit.runners.ParentRunner.access$000(ParentRunner.java:53)
	at org.junit.runners.ParentRunner$2.evaluate(ParentRunner.java:229)
	at io.cucumber.junit.Cucumber$RunCucumber.evaluate(Cucumber.java:227)
	at org.junit.runners.ParentRunner.run(ParentRunner.java:309)
	at org.junit.runner.JUnitCore.run(JUnitCore.java:160)
	at com.intellij.junit4.JUnit4IdeaTestRunner.startRunnerWithArgs(JUnit4IdeaTestRunner.java:69)
	at com.intellij.rt.junit.IdeaTestRunner$Repeater.startRunnerWithArgs(IdeaTestRunner.java:33)
	at com.intellij.rt.junit.JUnitStarter.prepareStreamsAndStart(JUnitStarter.java:220)
	at com.intellij.rt.junit.JUnitStarter.main(JUnitStarter.java:53)
</textarea>
										</td>
									</tr>
								</tbody>
							</table>
						</div>
					</div>
				</li>
			</ul>
		</div>
	</div>
	<div class='subview-right left'>
		<div class='view-summary'>
			<h5 class='exception-name'></h5>
		</div>
	</div>
</div>
<!-- exception view --><div id='dashboard-view' class='view hide'>
	<div class='card-panel transparent np-v'>
		<h5>Dashboard</h5>

		<div class='row'>
			<div class='col s2'>
				<div class='card-panel r'>
					Features
					<div class='panel-lead'>3</div>
				</div>
			</div>
			<div class='col s2'>
				<div class='card-panel r'>
					Scenarios
					<div class='panel-lead'>17</div>
				</div>
			</div>
			<div class='col s2'>
				<div class='card-panel r'>
					Steps
					<div class='panel-lead'>284</div>
				</div>
			</div>
			<div class='col s2'>
				<div class='card-panel r'>
					Start
					<div class='panel-lead'>Jun 15, 2021 04:09:16 PM</div>
				</div>
			</div>
			<div class='col s2'>
				<div class='card-panel r'>
			 		End
			 		<div class='panel-lead'>Jun 15, 2021 04:29:40 PM</div>
				</div>
			</div>
			<div class='col s2'>
				<div class='card-panel r'>
					Time Taken
					<div class='panel-lead'>0h 20m 24s+667ms</div>
				</div>
			</div>
			<div class='col s6'>
				<div class='card-panel dashboard-categories'>
					<span class='right label cyan white-text'>Categories</span><p>&nbsp;</p>
					
					<table>
						<tr>
							<th>Name</th>
							<th>Passed</th>
							<th>Failed</th>
							<th>Skipped</th>
							<th>Passed %</th>
						</tr>
						<tr>
							<td>@SUC:08-03</td>
							<td>3</td>
							<td>2</td>
							<td>0</td>
							<td>
									60%
							</td>
						</tr>
						<tr>
							<td>@SUC:08-04</td>
							<td>2</td>
							<td>0</td>
							<td>0</td>
							<td>
									100%
							</td>
						</tr>
						<tr>
							<td>@UAT_M8-08-03-01</td>
							<td>1</td>
							<td>0</td>
							<td>0</td>
							<td>
									100%
							</td>
						</tr>
						<tr>
							<td>@UAT_M8-08-03-02</td>
							<td>1</td>
							<td>0</td>
							<td>0</td>
							<td>
									100%
							</td>
						</tr>
						<tr>
							<td>@UAT_M8-08-03-06</td>
							<td>1</td>
							<td>0</td>
							<td>0</td>
							<td>
									100%
							</td>
						</tr>
						<tr>
							<td>@UAT_M8-08-04-01</td>
							<td>1</td>
							<td>0</td>
							<td>0</td>
							<td>
									100%
							</td>
						</tr>
						<tr>
							<td>@UAT_M8-08-04-02</td>
							<td>1</td>
							<td>0</td>
							<td>0</td>
							<td>
									100%
							</td>
						</tr>
						<tr>
							<td>@backoffice</td>
							<td>15</td>
							<td>2</td>
							<td>0</td>
							<td>
									88.235%
							</td>
						</tr>
						<tr>
							<td>@UAT_M8-08-03-03</td>
							<td>1</td>
							<td>0</td>
							<td>0</td>
							<td>
									100%
							</td>
						</tr>
						<tr>
							<td>@UAT_M8-08-04-03</td>
							<td>1</td>
							<td>0</td>
							<td>0</td>
							<td>
									100%
							</td>
						</tr>
						<tr>
							<td>@UAT_M8-08-03-04</td>
							<td>0</td>
							<td>1</td>
							<td>0</td>
							<td>
									0%
							</td>
						</tr>
						<tr>
							<td>@UAT_M8-08-03-05</td>
							<td>1</td>
							<td>0</td>
							<td>0</td>
							<td>
									100%
							</td>
						</tr>
						<tr>
							<td>@UAT_M8-08-03-07</td>
							<td>0</td>
							<td>1</td>
							<td>0</td>
							<td>
									0%
							</td>
						</tr>
						<tr>
							<td>@SUC:08-07</td>
							<td>7</td>
							<td>0</td>
							<td>0</td>
							<td>
									100%
							</td>
						</tr>
						<tr>
							<td>@UAT_M8-08-07-01</td>
							<td>1</td>
							<td>0</td>
							<td>0</td>
							<td>
									100%
							</td>
						</tr>
						<tr>
							<td>@UAT_M8-08-07-02</td>
							<td>1</td>
							<td>0</td>
							<td>0</td>
							<td>
									100%
							</td>
						</tr>
						<tr>
							<td>@UAT_M8-08-07-03</td>
							<td>1</td>
							<td>0</td>
							<td>0</td>
							<td>
									100%
							</td>
						</tr>
						<tr>
							<td>@UAT_M8-08-07-04</td>
							<td>1</td>
							<td>0</td>
							<td>0</td>
							<td>
									100%
							</td>
						</tr>
						<tr>
							<td>@UAT_M8-08-07-05</td>
							<td>1</td>
							<td>0</td>
							<td>0</td>
							<td>
									100%
							</td>
						</tr>
						<tr>
							<td>@UAT_M8-08-07-06</td>
							<td>1</td>
							<td>0</td>
							<td>0</td>
							<td>
									100%
							</td>
						</tr>
						<tr>
							<td>@UAT_M8-08-07-07</td>
							<td>1</td>
							<td>0</td>
							<td>0</td>
							<td>
									100%
							</td>
						</tr>
						<tr>
							<td>@SUC:08-06</td>
							<td>4</td>
							<td>0</td>
							<td>0</td>
							<td>
									100%
							</td>
						</tr>
						<tr>
							<td>@UAT_M8-08-06-05</td>
							<td>1</td>
							<td>0</td>
							<td>0</td>
							<td>
									100%
							</td>
						</tr>
						<tr>
							<td>@UAT_M8-08-06-06</td>
							<td>1</td>
							<td>0</td>
							<td>0</td>
							<td>
									100%
							</td>
						</tr>
						<tr>
							<td>@UAT_M8-08-06-02</td>
							<td>1</td>
							<td>0</td>
							<td>0</td>
							<td>
									100%
							</td>
						</tr>
						<tr>
							<td>@UAT_M8-08-06-04</td>
							<td>1</td>
							<td>0</td>
							<td>0</td>
							<td>
									100%
							</td>
						</tr>
					</table>
				</div>
			</div>
		</div>
	</div>
</div>
<!-- dashboard view -->
<!-- testrunner-logs view -->		</div>
		<!-- container -->
		<script>
			var statusGroup = {
                parentCount: 3,
				passParent: 2,
				failParent: 1,
				fatalParent: 0,
				errorParent: 0,
				warningParent: 0,
				skipParent: 0,
				exceptionsParent: 1,
				childCount: 17,
				passChild: 15,
				failChild: 2,
				fatalChild: 0,
				errorChild: 0,
				warningChild: 0,
				skipChild: 0,
				infoChild: 0,
				debugChild: 0,
				exceptionsChild: 2,
				grandChildCount: 284,
				passGrandChild: 274,
				failGrandChild: 2,
				fatalGrandChild: 0,
				errorGrandChild: 0,
				warningGrandChild: 0,
				skipGrandChild: 8,
				infoGrandChild: 0,
				debugGrandChild: 0,
				exceptionsGrandChild: 10,
			};
		</script>
		<script>
			var timeline = {
			        "[SUC:08-03]-Create Installment Agreements, [SUC:08-04]-Approve Installment Agreements":721.899,"[SUC:08-07]-Generate debt management reports":365.406,"[SUC:08-06]-Mantain installment agreement":128.916
			};
		</script>
	
		  <script src='https://cdn.jsdelivr.net/gh/extent-framework/extent-github-cdn@ff53917fbbdb5ef820abbbe4d199a6942dc771ff/v3html/js/extent.js' type='text/javascript'></script>
		<script type='text/javascript'>
		</script>
	</body>
</html>